INFO: 2020-06-14 10:29:56,643: main() 'Using profile folder /home/hine/.config/variety/'
INFO: 2020-06-14 10:29:56,650: perform_upgrade() 'Last run version was 0.8.3 or earlier, current version is 0.8.3'
INFO: 2020-06-14 10:29:56,866: process_command() 'Received command: ['--profile', '/home/hine/.config/variety/']'
INFO: 2020-06-14 10:29:56,872: load_banned() 'Missing or invalid banned URLs list, no URLs will be banned'
INFO: 2020-06-14 10:29:56,890: start() 'Using data_path /usr/share/variety'
INFO: 2020-06-14 10:29:56,890: load() 'Jumble loading'
INFO: 2020-06-14 10:29:56,890: _walk_modules() 'Jumble loading module in __init__ from /usr/lib/python3.8/site-packages/variety/plugins/builtin/__init__.py'
INFO: 2020-06-14 10:29:56,891: _walk_modules() 'Jumble loading module in QuotationsPageSource from /usr/lib/python3.8/site-packages/variety/plugins/builtin/quotes/QuotationsPageSource.py'
INFO: 2020-06-14 10:29:56,900: load() 'Jumble found plugin class: <class 'QuotationsPageSource.QuotationsPageSource'>: {'name': 'TheQuotationsPage.com', 'description': '从 QuotationsPage.com 获取箴言', 'author': 'Peter Levi', 'version': '0.1'}'
INFO: 2020-06-14 10:29:56,900: _walk_modules() 'Jumble loading module in FortuneSource from /usr/lib/python3.8/site-packages/variety/plugins/builtin/quotes/FortuneSource.py'
INFO: 2020-06-14 10:29:56,901: load() 'Jumble found plugin class: <class 'FortuneSource.FortuneSource'>: {'name': 'UNIX fortune program', 'description': 'Displays quotes using the UNIX fortune program. You may want to install additional fortune packs, e.g. fortunes-bofh-excuses.', 'author': 'Dan Jones', 'version': '0.1'}'
INFO: 2020-06-14 10:29:56,901: _walk_modules() 'Jumble loading module in LocalFilesSource from /usr/lib/python3.8/site-packages/variety/plugins/builtin/quotes/LocalFilesSource.py'
INFO: 2020-06-14 10:29:56,902: load() 'Jumble found plugin class: <class 'LocalFilesSource.LocalFilesSource'>: {'name': 'Local text files', 'description': 'Displays quotes, defined in local text files.\nPut your own txt files in: /home/hine/.config/variety/pluginconfig/quotes/.\nThe file format is:\n\nquote -- author\n.\nsecond quote -- another author\n.\netc...\n\nExample: http://rvelthuis.de/zips/quotes.txt', 'author': 'Peter Levi', 'version': '0.1'}'
INFO: 2020-06-14 10:29:56,902: _walk_modules() 'Jumble loading module in GoodreadsSource from /usr/lib/python3.8/site-packages/variety/plugins/builtin/quotes/GoodreadsSource.py'
INFO: 2020-06-14 10:29:56,903: load() 'Jumble found plugin class: <class 'GoodreadsSource.GoodreadsSource'>: {'name': 'Goodreads', 'description': '从 Goodreads.com 获取箴言', 'author': 'Peter Levi', 'version': '0.1'}'
INFO: 2020-06-14 10:29:56,904: _walk_modules() 'Jumble loading module in UrbanDictionarySource from /usr/lib/python3.8/site-packages/variety/plugins/builtin/quotes/UrbanDictionarySource.py'
INFO: 2020-06-14 10:29:56,904: load() 'Jumble found plugin class: <class 'UrbanDictionarySource.UrbanDictionarySource'>: {'name': 'Urban Dictionary', 'description': 'Displays definitions from Urban Dictionary', 'author': 'James Miller', 'version': '0.1'}'
INFO: 2020-06-14 10:29:56,905: _walk_modules() 'Jumble loading module in __init__ from /usr/lib/python3.8/site-packages/variety/plugins/builtin/quotes/__init__.py'
INFO: 2020-06-14 10:29:56,906: _walk_modules() 'Jumble loading module in RedditSource from /usr/lib/python3.8/site-packages/variety/plugins/builtin/downloaders/RedditSource.py'
INFO: 2020-06-14 10:29:56,907: load() 'Jumble found plugin class: <class 'RedditSource.RedditSource'>: {'name': 'RedditSource', 'description': 'Configurable source for fetching images from Reddit', 'author': 'Peter Levi', 'version': '0.1'}'
INFO: 2020-06-14 10:29:56,908: _walk_modules() 'Jumble loading module in WallhavenDownloader from /usr/lib/python3.8/site-packages/variety/plugins/builtin/downloaders/WallhavenDownloader.py'
INFO: 2020-06-14 10:29:56,908: _walk_modules() 'Jumble loading module in APODDownloader from /usr/lib/python3.8/site-packages/variety/plugins/builtin/downloaders/APODDownloader.py'
INFO: 2020-06-14 10:29:56,909: load() 'Jumble found plugin class: <class 'APODDownloader.APODDownloader'>: {'name': 'APODDownloader', 'description': 'NASA Astro Pic of the Day', 'author': 'Peter Levi', 'version': '0.1'}'
INFO: 2020-06-14 10:29:56,909: _walk_modules() 'Jumble loading module in DesktopprDownloader from /usr/lib/python3.8/site-packages/variety/plugins/builtin/downloaders/DesktopprDownloader.py'
INFO: 2020-06-14 10:29:56,910: load() 'Jumble found plugin class: <class 'DesktopprDownloader.DesktopprDownloader'>: {'name': 'DesktopprDownloader', 'description': 'Random wallpapers from Desktoppr.co', 'author': 'Peter Levi', 'version': '0.1'}'
INFO: 2020-06-14 10:29:56,910: _walk_modules() 'Jumble loading module in RedditDownloader from /usr/lib/python3.8/site-packages/variety/plugins/builtin/downloaders/RedditDownloader.py'
INFO: 2020-06-14 10:29:56,911: _walk_modules() 'Jumble loading module in MediaRSSSource from /usr/lib/python3.8/site-packages/variety/plugins/builtin/downloaders/MediaRSSSource.py'
INFO: 2020-06-14 10:29:56,912: load() 'Jumble found plugin class: <class 'MediaRSSSource.MediaRSSSource'>: {'name': 'MediaRSSSource', 'description': 'Configurable source for fetching images from MediaRSS feeds', 'author': 'Peter Levi', 'version': '0.1'}'
INFO: 2020-06-14 10:29:56,912: _walk_modules() 'Jumble loading module in BingDownloader from /usr/lib/python3.8/site-packages/variety/plugins/builtin/downloaders/BingDownloader.py'
INFO: 2020-06-14 10:29:56,936: load() 'Jumble found plugin class: <class 'BingDownloader.BingDownloader'>: {'name': 'BingDownloader', 'description': 'Bing Photo of the Day', 'author': 'Peter Levi', 'version': '0.1'}'
INFO: 2020-06-14 10:29:56,937: _walk_modules() 'Jumble loading module in UnsplashDownloader from /usr/lib/python3.8/site-packages/variety/plugins/builtin/downloaders/UnsplashDownloader.py'
INFO: 2020-06-14 10:29:56,938: load() 'Jumble found plugin class: <class 'UnsplashDownloader.UnsplashDownloader'>: {'name': 'UnsplashDownloader', 'description': 'High-resolution photos from Unsplash.com', 'author': 'Peter Levi', 'version': '0.1'}'
INFO: 2020-06-14 10:29:56,938: _walk_modules() 'Jumble loading module in MediaRSSDownloader from /usr/lib/python3.8/site-packages/variety/plugins/builtin/downloaders/MediaRSSDownloader.py'
INFO: 2020-06-14 10:29:56,939: _walk_modules() 'Jumble loading module in WallhavenSource from /usr/lib/python3.8/site-packages/variety/plugins/builtin/downloaders/WallhavenSource.py'
INFO: 2020-06-14 10:29:56,940: load() 'Jumble found plugin class: <class 'WallhavenSource.WallhavenSource'>: {'name': 'MediaRSSSource', 'description': 'Configurable source for fetching images from Wallhaven.cc', 'author': 'Peter Levi', 'version': '0.1'}'
INFO: 2020-06-14 10:29:56,940: _walk_modules() 'Jumble loading module in EarthviewDownloader from /usr/lib/python3.8/site-packages/variety/plugins/builtin/downloaders/EarthviewDownloader.py'
INFO: 2020-06-14 10:29:56,941: load() 'Jumble found plugin class: <class 'EarthviewDownloader.EarthviewDownloader'>: {'name': 'EarthviewDownloader', 'description': 'Google Earth View Wallpapers', 'author': 'Peter Levi', 'version': '0.1'}'
INFO: 2020-06-14 10:29:56,942: _walk_modules() 'Jumble loading module in ChromeOSWallpapersDownloader from /usr/lib/python3.8/site-packages/variety/plugins/builtin/downloaders/ChromeOSWallpapersDownloader.py'
INFO: 2020-06-14 10:29:56,942: load() 'Jumble found plugin class: <class 'ChromeOSWallpapersDownloader.ChromeOSWallpapersDownloader'>: {'name': 'ChromeOsWallpapersDownloader', 'description': 'Chrome OS Wallpapers', 'author': 'Peter Levi', 'version': '0.1'}'
INFO: 2020-06-14 10:29:56,943: _walk_modules() 'Jumble loading module in UnsplashConfigurableSource from /usr/lib/python3.8/site-packages/variety/plugins/builtin/downloaders/UnsplashConfigurableSource.py'
INFO: 2020-06-14 10:29:56,944: load() 'Jumble found plugin class: <class 'UnsplashConfigurableSource.UnsplashConfigurableSource'>: {'name': 'UnsplashConfigurableSource', 'description': 'Configurable source for fetching photos from Unsplash.com', 'author': 'Peter Levi', 'version': '0.1'}'
INFO: 2020-06-14 10:29:56,945: _walk_modules() 'Jumble loading module in __init__ from /usr/lib/python3.8/site-packages/variety/plugins/builtin/downloaders/__init__.py'
INFO: 2020-06-14 10:29:56,949: log_options() 'Loaded options:'
INFO: 2020-06-14 10:29:56,949: log_options() 'change_enabled = True'
INFO: 2020-06-14 10:29:56,949: log_options() 'change_interval = 300'
INFO: 2020-06-14 10:29:56,949: log_options() 'change_on_start = False'
INFO: 2020-06-14 10:29:56,949: log_options() 'clipboard_enabled = False'
INFO: 2020-06-14 10:29:56,949: log_options() 'clipboard_hosts = ['wallhaven.cc', 'wallpapers.net', 'flickr.com', 'imgur.com', 'deviantart.com', 'interfacelift.com', 'vladstudio.com', 'imageshack.us', 'deviantart.net', 'imageshack.com']'
INFO: 2020-06-14 10:29:56,950: log_options() 'clipboard_use_whitelist = True'
INFO: 2020-06-14 10:29:56,950: log_options() 'clock_date_font = Ubuntu Condensed, 30'
INFO: 2020-06-14 10:29:56,950: log_options() 'clock_enabled = False'
INFO: 2020-06-14 10:29:56,950: log_options() 'clock_filter = -density 100 -font `fc-match -f '%{file[0]}' '%CLOCK_FONT_NAME'` -pointsize %CLOCK_FONT_SIZE -gravity SouthEast -fill '#00000044' -annotate 0x0+[%HOFFSET+58]+[%VOFFSET+108] '%H:%M' -fill white -annotate 0x0+[%HOFFSET+60]+[%VOFFSET+110] '%H:%M' -font `fc-match -f '%{file[0]}' '%DATE_FONT_NAME'` -pointsize %DATE_FONT_SIZE -fill '#00000044' -annotate 0x0+[%HOFFSET+58]+[%VOFFSET+58] '%A, %B %d' -fill white -annotate 0x0+[%HOFFSET+60]+[%VOFFSET+60] '%A, %B %d''
INFO: 2020-06-14 10:29:56,950: log_options() 'clock_font = Ubuntu Condensed, 70'
INFO: 2020-06-14 10:29:56,950: log_options() 'configfile = /home/hine/.config/variety/variety.conf'
INFO: 2020-06-14 10:29:56,950: log_options() 'copyto_enabled = False'
INFO: 2020-06-14 10:29:56,950: log_options() 'copyto_folder = Default'
INFO: 2020-06-14 10:29:56,950: log_options() 'desired_color = [160, 160, 160]'
INFO: 2020-06-14 10:29:56,950: log_options() 'desired_color_enabled = False'
INFO: 2020-06-14 10:29:56,950: log_options() 'download_folder = /home/hine/.config/variety/Downloaded'
INFO: 2020-06-14 10:29:56,950: log_options() 'download_preference_ratio = 0.9'
INFO: 2020-06-14 10:29:56,950: log_options() 'favorites_folder = /home/hine/.config/variety/Favorites'
INFO: 2020-06-14 10:29:56,950: log_options() 'favorites_operations = [['Downloaded', 'Copy'], ['Fetched', 'Move'], ['Others', 'Copy']]'
INFO: 2020-06-14 10:29:56,950: log_options() 'fetched_folder = /home/hine/.config/variety/Fetched'
INFO: 2020-06-14 10:29:56,950: log_options() 'filters = [[False, 'Keep original', ''], [False, 'Grayscale', '-type Grayscale'], [False, 'Heavy blur', '-blur 120x40'], [False, 'Soft blur', '-blur 20x7'], [False, 'Oil painting', '-paint 8'], [False, 'Pointilism', '-spread 10 -noise 3'], [False, 'Pixellate', '-scale 3% -scale 3333%']]'
INFO: 2020-06-14 10:29:56,950: log_options() 'icon = Light'
INFO: 2020-06-14 10:29:56,950: log_options() 'lightness_enabled = False'
INFO: 2020-06-14 10:29:56,950: log_options() 'lightness_mode = 0'
INFO: 2020-06-14 10:29:56,950: log_options() 'min_rating = 4'
INFO: 2020-06-14 10:29:56,951: log_options() 'min_rating_enabled = False'
INFO: 2020-06-14 10:29:56,951: log_options() 'min_size = 80'
INFO: 2020-06-14 10:29:56,951: log_options() 'min_size_enabled = False'
INFO: 2020-06-14 10:29:56,951: log_options() 'quota_enabled = True'
INFO: 2020-06-14 10:29:56,951: log_options() 'quota_size = 1000'
INFO: 2020-06-14 10:29:56,951: log_options() 'quotes_authors = '
INFO: 2020-06-14 10:29:56,951: log_options() 'quotes_bg_color = [80, 80, 80]'
INFO: 2020-06-14 10:29:56,951: log_options() 'quotes_bg_opacity = 55'
INFO: 2020-06-14 10:29:56,951: log_options() 'quotes_change_enabled = False'
INFO: 2020-06-14 10:29:56,951: log_options() 'quotes_change_interval = 300'
INFO: 2020-06-14 10:29:56,951: log_options() 'quotes_disabled_sources = ['Urban Dictionary']'
INFO: 2020-06-14 10:29:56,951: log_options() 'quotes_enabled = False'
INFO: 2020-06-14 10:29:56,951: log_options() 'quotes_favorites_file = /home/hine/.config/variety/favorite_quotes.txt'
INFO: 2020-06-14 10:29:56,951: log_options() 'quotes_font = Bitstream Charter 30'
INFO: 2020-06-14 10:29:56,951: log_options() 'quotes_hpos = 100'
INFO: 2020-06-14 10:29:56,951: log_options() 'quotes_max_length = 250'
INFO: 2020-06-14 10:29:56,951: log_options() 'quotes_tags = '
INFO: 2020-06-14 10:29:56,951: log_options() 'quotes_text_color = [255, 255, 255]'
INFO: 2020-06-14 10:29:56,951: log_options() 'quotes_text_shadow = False'
INFO: 2020-06-14 10:29:56,952: log_options() 'quotes_vpos = 40'
INFO: 2020-06-14 10:29:56,952: log_options() 'quotes_width = 70'
INFO: 2020-06-14 10:29:56,952: log_options() 'safe_mode = False'
INFO: 2020-06-14 10:29:56,952: log_options() 'slideshow_custom_enabled = False'
INFO: 2020-06-14 10:29:56,952: log_options() 'slideshow_custom_folder = /home/hine/图片'
INFO: 2020-06-14 10:29:56,952: log_options() 'slideshow_downloads_enabled = False'
INFO: 2020-06-14 10:29:56,952: log_options() 'slideshow_fade = 0.4'
INFO: 2020-06-14 10:29:56,952: log_options() 'slideshow_favorites_enabled = True'
INFO: 2020-06-14 10:29:56,952: log_options() 'slideshow_mode = Fullscreen'
INFO: 2020-06-14 10:29:56,952: log_options() 'slideshow_monitor = All'
INFO: 2020-06-14 10:29:56,952: log_options() 'slideshow_pan = 0.05'
INFO: 2020-06-14 10:29:56,952: log_options() 'slideshow_seconds = 6.0'
INFO: 2020-06-14 10:29:56,952: log_options() 'slideshow_sort_order = Random'
INFO: 2020-06-14 10:29:56,952: log_options() 'slideshow_sources_enabled = True'
INFO: 2020-06-14 10:29:56,952: log_options() 'slideshow_zoom = 0.2'
INFO: 2020-06-14 10:29:56,952: log_options() 'smart_enabled = False'
INFO: 2020-06-14 10:29:56,952: log_options() 'smart_notice_shown = False'
INFO: 2020-06-14 10:29:56,952: log_options() 'smart_register_shown = False'
INFO: 2020-06-14 10:29:56,953: log_options() 'sources = [[False, 'favorites', 'The Favorites folder'], [False, 'fetched', 'The Fetched folder'], [True, 'folder', '/usr/share/backgrounds'], [False, 'apod', "NASA's Astronomy Picture of the Day"], [False, 'flickr', 'user:www.flickr.com/photos/peter-levi/;user_id:93647178@N00;'], [False, 'bing', 'Bing Photo of the Day'], [False, 'chromeos', 'Chrome OS Wallpapers'], [False, 'earthview', 'Google Earth View Wallpapers'], [False, 'desktoppr', 'Random wallpapers from Desktoppr.co'], [False, 'unsplash', 'High-resolution photos from Unsplash.com'], [True, 'folder', '/home/hine/图片/Zoe']]'
INFO: 2020-06-14 10:29:56,953: log_options() 'stats_enabled = True'
INFO: 2020-06-14 10:29:56,953: log_options() 'stats_notice_shown = False'
INFO: 2020-06-14 10:29:56,953: log_options() 'sync_enabled = True'
INFO: 2020-06-14 10:29:56,953: log_options() 'use_landscape_enabled = True'
INFO: 2020-06-14 10:29:56,953: reload_config() 'No need to clear prepared queue'
INFO: 2020-06-14 10:29:56,953: update_indicator() 'Setting file info to: /usr/share/backgrounds/wallpapers-2018/reflection-3095708.jpg'
INFO: 2020-06-14 10:29:56,954: load_last_change_time() 'Change interval < 6 hours, ignore persisted last_change_time, wait initially the whole interval: 300'
INFO: 2020-06-14 10:29:56,955: update_indicator() 'Setting file info to: /usr/share/backgrounds/wallpapers-2018/reflection-3095708.jpg'
INFO: 2020-06-14 10:29:56,955: regular_change_thread() 'regular_change thread running'
INFO: 2020-06-14 10:29:56,956: prepare_thread() 'Prepare thread running'
INFO: 2020-06-14 10:29:56,957: prepare_thread() 'Prepared buffer contains 0 images'
INFO: 2020-06-14 10:29:56,957: prepare_thread() 'Preparing some images'
INFO: 2020-06-14 10:29:56,959: update_indicator_icon() 'Creating indicator'
WARNING: 2020-06-14 10:29:56,991: create_menu() 'Variety Slideshow is not installed. This is an optional extension adding pan-and-zoom slideshows to Variety: see https://github.com/peterlevi/variety-slideshow for details'
INFO: 2020-06-14 10:29:56,994: create_indicator() 'indicator backend: AppIndicator3'
INFO: 2020-06-14 10:29:57,010: prepare_thread() 'After search prepared buffer contains 100 images'
INFO: 2020-06-14 10:29:57,029: set_from_theme_icon() 'Showing indicator icon variety-indicator from GTK theme'
INFO: 2020-06-14 10:29:57,055: do_set_wp() 'Calling do_set_wp with /usr/share/backgrounds/wallpapers-2018/reflection-3095708.jpg, time: 1592101797.0552392'
INFO: 2020-06-14 10:29:57,075: update_indicator() 'Setting file info to: /usr/share/backgrounds/wallpapers-2018/reflection-3095708.jpg'
INFO: 2020-06-14 10:29:57,076: list_files() 'More than 1 files in the folders, stop listing'
INFO: 2020-06-14 10:29:58,753: reload() 'Reloading preferences dialog'
INFO: 2020-06-14 10:29:59,010: trigger_download() 'Triggering download thread to check if download needed'
INFO: 2020-06-14 10:30:16,976: server_options_thread() 'Fetching server options from http://tiny.cc/variety-options-063'
ERROR: 2020-06-14 10:30:22,053: server_options_thread() 'Could not fetch Variety serverside options'
Traceback (most recent call last):
  File "/usr/lib/python3.8/site-packages/urllib3/connection.py", line 159, in _new_conn
    conn = connection.create_connection(
  File "/usr/lib/python3.8/site-packages/urllib3/util/connection.py", line 84, in create_connection
    raise err
  File "/usr/lib/python3.8/site-packages/urllib3/util/connection.py", line 74, in create_connection
    sock.connect(sa)
OSError: [Errno 101] 网络不可达

During handling of the above exception, another exception occurred:

Traceback (most recent call last):
  File "/usr/lib/python3.8/site-packages/urllib3/connectionpool.py", line 670, in urlopen
    httplib_response = self._make_request(
  File "/usr/lib/python3.8/site-packages/urllib3/connectionpool.py", line 392, in _make_request
    conn.request(method, url, **httplib_request_kw)
  File "/usr/lib/python3.8/http/client.py", line 1240, in request
    self._send_request(method, url, body, headers, encode_chunked)
  File "/usr/lib/python3.8/http/client.py", line 1286, in _send_request
    self.endheaders(body, encode_chunked=encode_chunked)
  File "/usr/lib/python3.8/http/client.py", line 1235, in endheaders
    self._send_output(message_body, encode_chunked=encode_chunked)
  File "/usr/lib/python3.8/http/client.py", line 1006, in _send_output
    self.send(msg)
  File "/usr/lib/python3.8/http/client.py", line 946, in send
    self.connect()
  File "/usr/lib/python3.8/site-packages/urllib3/connection.py", line 187, in connect
    conn = self._new_conn()
  File "/usr/lib/python3.8/site-packages/urllib3/connection.py", line 171, in _new_conn
    raise NewConnectionError(
urllib3.exceptions.NewConnectionError: <urllib3.connection.HTTPConnection object at 0x7f407424c610>: Failed to establish a new connection: [Errno 101] 网络不可达

During handling of the above exception, another exception occurred:

Traceback (most recent call last):
  File "/usr/lib/python3.8/site-packages/requests/adapters.py", line 439, in send
    resp = conn.urlopen(
  File "/usr/lib/python3.8/site-packages/urllib3/connectionpool.py", line 724, in urlopen
    retries = retries.increment(
  File "/usr/lib/python3.8/site-packages/urllib3/util/retry.py", line 439, in increment
    raise MaxRetryError(_pool, url, error or ResponseError(cause))
urllib3.exceptions.MaxRetryError: HTTPConnectionPool(host='tiny.cc', port=80): Max retries exceeded with url: /variety-options-063 (Caused by NewConnectionError('<urllib3.connection.HTTPConnection object at 0x7f407424c610>: Failed to establish a new connection: [Errno 101] 网络不可达'))

During handling of the above exception, another exception occurred:

Traceback (most recent call last):
  File "/usr/lib/python3.8/site-packages/variety/VarietyWindow.py", line 1087, in server_options_thread
    self.server_options = Util.fetch_json(VarietyWindow.SERVERSIDE_OPTIONS_URL)
  File "/usr/lib/python3.8/site-packages/variety/Util.py", line 643, in fetch_json
    return Util.request(url, data, **request_kwargs).json()
  File "/usr/lib/python3.8/site-packages/variety/Util.py", line 612, in request
    r = requests.request(
  File "/usr/lib/python3.8/site-packages/requests/api.py", line 61, in request
    return session.request(method=method, url=url, **kwargs)
  File "/usr/lib/python3.8/site-packages/requests/sessions.py", line 530, in request
    resp = self.send(prep, **send_kwargs)
  File "/usr/lib/python3.8/site-packages/requests/sessions.py", line 643, in send
    r = adapter.send(request, **kwargs)
  File "/usr/lib/python3.8/site-packages/requests/adapters.py", line 516, in send
    raise ConnectionError(e, request=request)
requests.exceptions.ConnectionError: HTTPConnectionPool(host='tiny.cc', port=80): Max retries exceeded with url: /variety-options-063 (Caused by NewConnectionError('<urllib3.connection.HTTPConnection object at 0x7f407424c610>: Failed to establish a new connection: [Errno 101] 网络不可达'))
INFO: 2020-06-14 10:30:52,072: server_options_thread() 'Fetching server options from http://tiny.cc/variety-options-063'
ERROR: 2020-06-14 10:30:57,099: server_options_thread() 'Could not fetch Variety serverside options'
Traceback (most recent call last):
  File "/usr/lib/python3.8/site-packages/urllib3/connection.py", line 159, in _new_conn
    conn = connection.create_connection(
  File "/usr/lib/python3.8/site-packages/urllib3/util/connection.py", line 84, in create_connection
    raise err
  File "/usr/lib/python3.8/site-packages/urllib3/util/connection.py", line 74, in create_connection
    sock.connect(sa)
OSError: [Errno 101] 网络不可达

During handling of the above exception, another exception occurred:

Traceback (most recent call last):
  File "/usr/lib/python3.8/site-packages/urllib3/connectionpool.py", line 670, in urlopen
    httplib_response = self._make_request(
  File "/usr/lib/python3.8/site-packages/urllib3/connectionpool.py", line 392, in _make_request
    conn.request(method, url, **httplib_request_kw)
  File "/usr/lib/python3.8/http/client.py", line 1240, in request
    self._send_request(method, url, body, headers, encode_chunked)
  File "/usr/lib/python3.8/http/client.py", line 1286, in _send_request
    self.endheaders(body, encode_chunked=encode_chunked)
  File "/usr/lib/python3.8/http/client.py", line 1235, in endheaders
    self._send_output(message_body, encode_chunked=encode_chunked)
  File "/usr/lib/python3.8/http/client.py", line 1006, in _send_output
    self.send(msg)
  File "/usr/lib/python3.8/http/client.py", line 946, in send
    self.connect()
  File "/usr/lib/python3.8/site-packages/urllib3/connection.py", line 187, in connect
    conn = self._new_conn()
  File "/usr/lib/python3.8/site-packages/urllib3/connection.py", line 171, in _new_conn
    raise NewConnectionError(
urllib3.exceptions.NewConnectionError: <urllib3.connection.HTTPConnection object at 0x7f4074246580>: Failed to establish a new connection: [Errno 101] 网络不可达

During handling of the above exception, another exception occurred:

Traceback (most recent call last):
  File "/usr/lib/python3.8/site-packages/requests/adapters.py", line 439, in send
    resp = conn.urlopen(
  File "/usr/lib/python3.8/site-packages/urllib3/connectionpool.py", line 724, in urlopen
    retries = retries.increment(
  File "/usr/lib/python3.8/site-packages/urllib3/util/retry.py", line 439, in increment
    raise MaxRetryError(_pool, url, error or ResponseError(cause))
urllib3.exceptions.MaxRetryError: HTTPConnectionPool(host='tiny.cc', port=80): Max retries exceeded with url: /variety-options-063 (Caused by NewConnectionError('<urllib3.connection.HTTPConnection object at 0x7f4074246580>: Failed to establish a new connection: [Errno 101] 网络不可达'))

During handling of the above exception, another exception occurred:

Traceback (most recent call last):
  File "/usr/lib/python3.8/site-packages/variety/VarietyWindow.py", line 1087, in server_options_thread
    self.server_options = Util.fetch_json(VarietyWindow.SERVERSIDE_OPTIONS_URL)
  File "/usr/lib/python3.8/site-packages/variety/Util.py", line 643, in fetch_json
    return Util.request(url, data, **request_kwargs).json()
  File "/usr/lib/python3.8/site-packages/variety/Util.py", line 612, in request
    r = requests.request(
  File "/usr/lib/python3.8/site-packages/requests/api.py", line 61, in request
    return session.request(method=method, url=url, **kwargs)
  File "/usr/lib/python3.8/site-packages/requests/sessions.py", line 530, in request
    resp = self.send(prep, **send_kwargs)
  File "/usr/lib/python3.8/site-packages/requests/sessions.py", line 643, in send
    r = adapter.send(request, **kwargs)
  File "/usr/lib/python3.8/site-packages/requests/adapters.py", line 516, in send
    raise ConnectionError(e, request=request)
requests.exceptions.ConnectionError: HTTPConnectionPool(host='tiny.cc', port=80): Max retries exceeded with url: /variety-options-063 (Caused by NewConnectionError('<urllib3.connection.HTTPConnection object at 0x7f4074246580>: Failed to establish a new connection: [Errno 101] 网络不可达'))
INFO: 2020-06-14 10:31:27,116: server_options_thread() 'Fetching server options from http://tiny.cc/variety-options-063'
ERROR: 2020-06-14 10:31:32,137: server_options_thread() 'Could not fetch Variety serverside options'
Traceback (most recent call last):
  File "/usr/lib/python3.8/site-packages/urllib3/connection.py", line 159, in _new_conn
    conn = connection.create_connection(
  File "/usr/lib/python3.8/site-packages/urllib3/util/connection.py", line 84, in create_connection
    raise err
  File "/usr/lib/python3.8/site-packages/urllib3/util/connection.py", line 74, in create_connection
    sock.connect(sa)
OSError: [Errno 101] 网络不可达

During handling of the above exception, another exception occurred:

Traceback (most recent call last):
  File "/usr/lib/python3.8/site-packages/urllib3/connectionpool.py", line 670, in urlopen
    httplib_response = self._make_request(
  File "/usr/lib/python3.8/site-packages/urllib3/connectionpool.py", line 392, in _make_request
    conn.request(method, url, **httplib_request_kw)
  File "/usr/lib/python3.8/http/client.py", line 1240, in request
    self._send_request(method, url, body, headers, encode_chunked)
  File "/usr/lib/python3.8/http/client.py", line 1286, in _send_request
    self.endheaders(body, encode_chunked=encode_chunked)
  File "/usr/lib/python3.8/http/client.py", line 1235, in endheaders
    self._send_output(message_body, encode_chunked=encode_chunked)
  File "/usr/lib/python3.8/http/client.py", line 1006, in _send_output
    self.send(msg)
  File "/usr/lib/python3.8/http/client.py", line 946, in send
    self.connect()
  File "/usr/lib/python3.8/site-packages/urllib3/connection.py", line 187, in connect
    conn = self._new_conn()
  File "/usr/lib/python3.8/site-packages/urllib3/connection.py", line 171, in _new_conn
    raise NewConnectionError(
urllib3.exceptions.NewConnectionError: <urllib3.connection.HTTPConnection object at 0x7f4074246d30>: Failed to establish a new connection: [Errno 101] 网络不可达

During handling of the above exception, another exception occurred:

Traceback (most recent call last):
  File "/usr/lib/python3.8/site-packages/requests/adapters.py", line 439, in send
    resp = conn.urlopen(
  File "/usr/lib/python3.8/site-packages/urllib3/connectionpool.py", line 724, in urlopen
    retries = retries.increment(
  File "/usr/lib/python3.8/site-packages/urllib3/util/retry.py", line 439, in increment
    raise MaxRetryError(_pool, url, error or ResponseError(cause))
urllib3.exceptions.MaxRetryError: HTTPConnectionPool(host='tiny.cc', port=80): Max retries exceeded with url: /variety-options-063 (Caused by NewConnectionError('<urllib3.connection.HTTPConnection object at 0x7f4074246d30>: Failed to establish a new connection: [Errno 101] 网络不可达'))

During handling of the above exception, another exception occurred:

Traceback (most recent call last):
  File "/usr/lib/python3.8/site-packages/variety/VarietyWindow.py", line 1087, in server_options_thread
    self.server_options = Util.fetch_json(VarietyWindow.SERVERSIDE_OPTIONS_URL)
  File "/usr/lib/python3.8/site-packages/variety/Util.py", line 643, in fetch_json
    return Util.request(url, data, **request_kwargs).json()
  File "/usr/lib/python3.8/site-packages/variety/Util.py", line 612, in request
    r = requests.request(
  File "/usr/lib/python3.8/site-packages/requests/api.py", line 61, in request
    return session.request(method=method, url=url, **kwargs)
  File "/usr/lib/python3.8/site-packages/requests/sessions.py", line 530, in request
    resp = self.send(prep, **send_kwargs)
  File "/usr/lib/python3.8/site-packages/requests/sessions.py", line 643, in send
    r = adapter.send(request, **kwargs)
  File "/usr/lib/python3.8/site-packages/requests/adapters.py", line 516, in send
    raise ConnectionError(e, request=request)
requests.exceptions.ConnectionError: HTTPConnectionPool(host='tiny.cc', port=80): Max retries exceeded with url: /variety-options-063 (Caused by NewConnectionError('<urllib3.connection.HTTPConnection object at 0x7f4074246d30>: Failed to establish a new connection: [Errno 101] 网络不可达'))
INFO: 2020-06-14 10:32:02,165: server_options_thread() 'Fetching server options from http://tiny.cc/variety-options-063'
ERROR: 2020-06-14 10:32:07,183: server_options_thread() 'Could not fetch Variety serverside options'
Traceback (most recent call last):
  File "/usr/lib/python3.8/site-packages/urllib3/connection.py", line 159, in _new_conn
    conn = connection.create_connection(
  File "/usr/lib/python3.8/site-packages/urllib3/util/connection.py", line 84, in create_connection
    raise err
  File "/usr/lib/python3.8/site-packages/urllib3/util/connection.py", line 74, in create_connection
    sock.connect(sa)
OSError: [Errno 101] 网络不可达

During handling of the above exception, another exception occurred:

Traceback (most recent call last):
  File "/usr/lib/python3.8/site-packages/urllib3/connectionpool.py", line 670, in urlopen
    httplib_response = self._make_request(
  File "/usr/lib/python3.8/site-packages/urllib3/connectionpool.py", line 392, in _make_request
    conn.request(method, url, **httplib_request_kw)
  File "/usr/lib/python3.8/http/client.py", line 1240, in request
    self._send_request(method, url, body, headers, encode_chunked)
  File "/usr/lib/python3.8/http/client.py", line 1286, in _send_request
    self.endheaders(body, encode_chunked=encode_chunked)
  File "/usr/lib/python3.8/http/client.py", line 1235, in endheaders
    self._send_output(message_body, encode_chunked=encode_chunked)
  File "/usr/lib/python3.8/http/client.py", line 1006, in _send_output
    self.send(msg)
  File "/usr/lib/python3.8/http/client.py", line 946, in send
    self.connect()
  File "/usr/lib/python3.8/site-packages/urllib3/connection.py", line 187, in connect
    conn = self._new_conn()
  File "/usr/lib/python3.8/site-packages/urllib3/connection.py", line 171, in _new_conn
    raise NewConnectionError(
urllib3.exceptions.NewConnectionError: <urllib3.connection.HTTPConnection object at 0x7f40742f2520>: Failed to establish a new connection: [Errno 101] 网络不可达

During handling of the above exception, another exception occurred:

Traceback (most recent call last):
  File "/usr/lib/python3.8/site-packages/requests/adapters.py", line 439, in send
    resp = conn.urlopen(
  File "/usr/lib/python3.8/site-packages/urllib3/connectionpool.py", line 724, in urlopen
    retries = retries.increment(
  File "/usr/lib/python3.8/site-packages/urllib3/util/retry.py", line 439, in increment
    raise MaxRetryError(_pool, url, error or ResponseError(cause))
urllib3.exceptions.MaxRetryError: HTTPConnectionPool(host='tiny.cc', port=80): Max retries exceeded with url: /variety-options-063 (Caused by NewConnectionError('<urllib3.connection.HTTPConnection object at 0x7f40742f2520>: Failed to establish a new connection: [Errno 101] 网络不可达'))

During handling of the above exception, another exception occurred:

Traceback (most recent call last):
  File "/usr/lib/python3.8/site-packages/variety/VarietyWindow.py", line 1087, in server_options_thread
    self.server_options = Util.fetch_json(VarietyWindow.SERVERSIDE_OPTIONS_URL)
  File "/usr/lib/python3.8/site-packages/variety/Util.py", line 643, in fetch_json
    return Util.request(url, data, **request_kwargs).json()
  File "/usr/lib/python3.8/site-packages/variety/Util.py", line 612, in request
    r = requests.request(
  File "/usr/lib/python3.8/site-packages/requests/api.py", line 61, in request
    return session.request(method=method, url=url, **kwargs)
  File "/usr/lib/python3.8/site-packages/requests/sessions.py", line 530, in request
    resp = self.send(prep, **send_kwargs)
  File "/usr/lib/python3.8/site-packages/requests/sessions.py", line 643, in send
    r = adapter.send(request, **kwargs)
  File "/usr/lib/python3.8/site-packages/requests/adapters.py", line 516, in send
    raise ConnectionError(e, request=request)
requests.exceptions.ConnectionError: HTTPConnectionPool(host='tiny.cc', port=80): Max retries exceeded with url: /variety-options-063 (Caused by NewConnectionError('<urllib3.connection.HTTPConnection object at 0x7f40742f2520>: Failed to establish a new connection: [Errno 101] 网络不可达'))
INFO: 2020-06-14 10:32:37,214: server_options_thread() 'Fetching server options from http://tiny.cc/variety-options-063'
ERROR: 2020-06-14 10:32:42,234: server_options_thread() 'Could not fetch Variety serverside options'
Traceback (most recent call last):
  File "/usr/lib/python3.8/site-packages/urllib3/connection.py", line 159, in _new_conn
    conn = connection.create_connection(
  File "/usr/lib/python3.8/site-packages/urllib3/util/connection.py", line 84, in create_connection
    raise err
  File "/usr/lib/python3.8/site-packages/urllib3/util/connection.py", line 74, in create_connection
    sock.connect(sa)
OSError: [Errno 101] 网络不可达

During handling of the above exception, another exception occurred:

Traceback (most recent call last):
  File "/usr/lib/python3.8/site-packages/urllib3/connectionpool.py", line 670, in urlopen
    httplib_response = self._make_request(
  File "/usr/lib/python3.8/site-packages/urllib3/connectionpool.py", line 392, in _make_request
    conn.request(method, url, **httplib_request_kw)
  File "/usr/lib/python3.8/http/client.py", line 1240, in request
    self._send_request(method, url, body, headers, encode_chunked)
  File "/usr/lib/python3.8/http/client.py", line 1286, in _send_request
    self.endheaders(body, encode_chunked=encode_chunked)
  File "/usr/lib/python3.8/http/client.py", line 1235, in endheaders
    self._send_output(message_body, encode_chunked=encode_chunked)
  File "/usr/lib/python3.8/http/client.py", line 1006, in _send_output
    self.send(msg)
  File "/usr/lib/python3.8/http/client.py", line 946, in send
    self.connect()
  File "/usr/lib/python3.8/site-packages/urllib3/connection.py", line 187, in connect
    conn = self._new_conn()
  File "/usr/lib/python3.8/site-packages/urllib3/connection.py", line 171, in _new_conn
    raise NewConnectionError(
urllib3.exceptions.NewConnectionError: <urllib3.connection.HTTPConnection object at 0x7f40742f2cd0>: Failed to establish a new connection: [Errno 101] 网络不可达

During handling of the above exception, another exception occurred:

Traceback (most recent call last):
  File "/usr/lib/python3.8/site-packages/requests/adapters.py", line 439, in send
    resp = conn.urlopen(
  File "/usr/lib/python3.8/site-packages/urllib3/connectionpool.py", line 724, in urlopen
    retries = retries.increment(
  File "/usr/lib/python3.8/site-packages/urllib3/util/retry.py", line 439, in increment
    raise MaxRetryError(_pool, url, error or ResponseError(cause))
urllib3.exceptions.MaxRetryError: HTTPConnectionPool(host='tiny.cc', port=80): Max retries exceeded with url: /variety-options-063 (Caused by NewConnectionError('<urllib3.connection.HTTPConnection object at 0x7f40742f2cd0>: Failed to establish a new connection: [Errno 101] 网络不可达'))

During handling of the above exception, another exception occurred:

Traceback (most recent call last):
  File "/usr/lib/python3.8/site-packages/variety/VarietyWindow.py", line 1087, in server_options_thread
    self.server_options = Util.fetch_json(VarietyWindow.SERVERSIDE_OPTIONS_URL)
  File "/usr/lib/python3.8/site-packages/variety/Util.py", line 643, in fetch_json
    return Util.request(url, data, **request_kwargs).json()
  File "/usr/lib/python3.8/site-packages/variety/Util.py", line 612, in request
    r = requests.request(
  File "/usr/lib/python3.8/site-packages/requests/api.py", line 61, in request
    return session.request(method=method, url=url, **kwargs)
  File "/usr/lib/python3.8/site-packages/requests/sessions.py", line 530, in request
    resp = self.send(prep, **send_kwargs)
  File "/usr/lib/python3.8/site-packages/requests/sessions.py", line 643, in send
    r = adapter.send(request, **kwargs)
  File "/usr/lib/python3.8/site-packages/requests/adapters.py", line 516, in send
    raise ConnectionError(e, request=request)
requests.exceptions.ConnectionError: HTTPConnectionPool(host='tiny.cc', port=80): Max retries exceeded with url: /variety-options-063 (Caused by NewConnectionError('<urllib3.connection.HTTPConnection object at 0x7f40742f2cd0>: Failed to establish a new connection: [Errno 101] 网络不可达'))
INFO: 2020-06-14 10:34:56,955: regular_change_thread() 'regular_change changes wallpaper'
INFO: 2020-06-14 10:34:56,956: set_wallpaper() 'Calling set_wallpaper with /usr/share/backgrounds/wallpapers-2018/snow-3404534.jpg'
INFO: 2020-06-14 10:34:56,956: prepare_thread() 'Prepared buffer contains 99 images'
INFO: 2020-06-14 10:34:56,958: do_set_wp() 'Calling do_set_wp with /usr/share/backgrounds/wallpapers-2018/snow-3404534.jpg, time: 1592102096.9580228'
INFO: 2020-06-14 10:34:56,979: update_indicator() 'Setting file info to: /usr/share/backgrounds/wallpapers-2018/snow-3404534.jpg'
INFO: 2020-06-14 10:34:56,981: list_files() 'More than 1 files in the folders, stop listing'
INFO: 2020-06-14 10:34:58,958: trigger_download() 'Triggering download thread to check if download needed'
INFO: 2020-06-14 10:39:57,028: regular_change_thread() 'regular_change changes wallpaper'
INFO: 2020-06-14 10:39:57,028: set_wallpaper() 'Calling set_wallpaper with /usr/share/backgrounds/wallpapers-2018/Manjaro_organic_1920x1080.jpg'
INFO: 2020-06-14 10:39:57,029: prepare_thread() 'Prepared buffer contains 98 images'
INFO: 2020-06-14 10:39:57,030: do_set_wp() 'Calling do_set_wp with /usr/share/backgrounds/wallpapers-2018/Manjaro_organic_1920x1080.jpg, time: 1592102397.0305595'
INFO: 2020-06-14 10:39:57,051: update_indicator() 'Setting file info to: /usr/share/backgrounds/wallpapers-2018/Manjaro_organic_1920x1080.jpg'
INFO: 2020-06-14 10:39:57,052: list_files() 'More than 1 files in the folders, stop listing'
INFO: 2020-06-14 10:39:59,030: trigger_download() 'Triggering download thread to check if download needed'
INFO: 2020-06-14 10:44:57,093: regular_change_thread() 'regular_change changes wallpaper'
INFO: 2020-06-14 10:44:57,093: set_wallpaper() 'Calling set_wallpaper with /usr/share/backgrounds/xfce/manjaro-maia-button.jpg'
INFO: 2020-06-14 10:44:57,094: prepare_thread() 'Prepared buffer contains 97 images'
INFO: 2020-06-14 10:44:57,095: do_set_wp() 'Calling do_set_wp with /usr/share/backgrounds/xfce/manjaro-maia-button.jpg, time: 1592102697.0954046'
INFO: 2020-06-14 10:44:57,114: update_indicator() 'Setting file info to: /usr/share/backgrounds/xfce/manjaro-maia-button.jpg'
INFO: 2020-06-14 10:44:57,116: list_files() 'More than 1 files in the folders, stop listing'
INFO: 2020-06-14 10:44:59,095: trigger_download() 'Triggering download thread to check if download needed'
INFO: 2020-06-14 10:49:57,164: regular_change_thread() 'regular_change changes wallpaper'
INFO: 2020-06-14 10:49:57,164: set_wallpaper() 'Calling set_wallpaper with /usr/share/backgrounds/wallpapers-2018/city-sleeps.jpg'
INFO: 2020-06-14 10:49:57,165: prepare_thread() 'Prepared buffer contains 96 images'
INFO: 2020-06-14 10:49:57,166: do_set_wp() 'Calling do_set_wp with /usr/share/backgrounds/wallpapers-2018/city-sleeps.jpg, time: 1592102997.1665719'
INFO: 2020-06-14 10:49:57,196: update_indicator() 'Setting file info to: /usr/share/backgrounds/wallpapers-2018/city-sleeps.jpg'
INFO: 2020-06-14 10:49:57,199: list_files() 'More than 1 files in the folders, stop listing'
INFO: 2020-06-14 10:49:59,166: trigger_download() 'Triggering download thread to check if download needed'
INFO: 2020-06-14 10:54:57,263: regular_change_thread() 'regular_change changes wallpaper'
INFO: 2020-06-14 10:54:57,264: set_wallpaper() 'Calling set_wallpaper with /usr/share/backgrounds/xfce/summer-time.jpg'
INFO: 2020-06-14 10:54:57,264: prepare_thread() 'Prepared buffer contains 95 images'
INFO: 2020-06-14 10:54:57,266: do_set_wp() 'Calling do_set_wp with /usr/share/backgrounds/xfce/summer-time.jpg, time: 1592103297.2661943'
INFO: 2020-06-14 10:54:57,295: update_indicator() 'Setting file info to: /usr/share/backgrounds/xfce/summer-time.jpg'
INFO: 2020-06-14 10:54:57,298: list_files() 'More than 1 files in the folders, stop listing'
INFO: 2020-06-14 10:54:59,266: trigger_download() 'Triggering download thread to check if download needed'
INFO: 2020-06-14 10:59:57,369: regular_change_thread() 'regular_change changes wallpaper'
INFO: 2020-06-14 10:59:57,370: set_wallpaper() 'Calling set_wallpaper with /usr/share/backgrounds/wallpapers-2018/manhattan-336708.jpg'
INFO: 2020-06-14 10:59:57,370: prepare_thread() 'Prepared buffer contains 94 images'
INFO: 2020-06-14 10:59:57,371: do_set_wp() 'Calling do_set_wp with /usr/share/backgrounds/wallpapers-2018/manhattan-336708.jpg, time: 1592103597.3716466'
INFO: 2020-06-14 10:59:57,401: update_indicator() 'Setting file info to: /usr/share/backgrounds/wallpapers-2018/manhattan-336708.jpg'
INFO: 2020-06-14 10:59:57,403: list_files() 'More than 1 files in the folders, stop listing'
INFO: 2020-06-14 10:59:59,371: trigger_download() 'Triggering download thread to check if download needed'
INFO: 2020-06-14 11:04:57,468: regular_change_thread() 'regular_change changes wallpaper'
INFO: 2020-06-14 11:04:57,469: set_wallpaper() 'Calling set_wallpaper with /usr/share/backgrounds/xfce/texture-2666357.jpg'
INFO: 2020-06-14 11:04:57,469: prepare_thread() 'Prepared buffer contains 93 images'
INFO: 2020-06-14 11:04:57,471: do_set_wp() 'Calling do_set_wp with /usr/share/backgrounds/xfce/texture-2666357.jpg, time: 1592103897.471397'
INFO: 2020-06-14 11:04:57,489: update_indicator() 'Setting file info to: /usr/share/backgrounds/xfce/texture-2666357.jpg'
INFO: 2020-06-14 11:04:57,490: list_files() 'More than 1 files in the folders, stop listing'
INFO: 2020-06-14 11:04:59,471: trigger_download() 'Triggering download thread to check if download needed'
INFO: 2020-06-14 11:09:57,557: regular_change_thread() 'regular_change changes wallpaper'
INFO: 2020-06-14 11:09:57,558: set_wallpaper() 'Calling set_wallpaper with /usr/share/backgrounds/xfce/manjaro_grid_maia.jpg'
INFO: 2020-06-14 11:09:57,558: prepare_thread() 'Prepared buffer contains 92 images'
INFO: 2020-06-14 11:09:57,559: do_set_wp() 'Calling do_set_wp with /usr/share/backgrounds/xfce/manjaro_grid_maia.jpg, time: 1592104197.5597966'
INFO: 2020-06-14 11:09:57,597: update_indicator() 'Setting file info to: /usr/share/backgrounds/xfce/manjaro_grid_maia.jpg'
INFO: 2020-06-14 11:09:57,602: list_files() 'More than 1 files in the folders, stop listing'
INFO: 2020-06-14 11:09:59,561: trigger_download() 'Triggering download thread to check if download needed'
INFO: 2020-06-14 11:14:57,680: regular_change_thread() 'regular_change changes wallpaper'
INFO: 2020-06-14 11:14:57,681: set_wallpaper() 'Calling set_wallpaper with /usr/share/backgrounds/xfce/buttongreen.jpg'
INFO: 2020-06-14 11:14:57,681: prepare_thread() 'Prepared buffer contains 91 images'
INFO: 2020-06-14 11:14:57,683: do_set_wp() 'Calling do_set_wp with /usr/share/backgrounds/xfce/buttongreen.jpg, time: 1592104497.6830678'
INFO: 2020-06-14 11:14:57,716: update_indicator() 'Setting file info to: /usr/share/backgrounds/xfce/buttongreen.jpg'
INFO: 2020-06-14 11:14:57,719: list_files() 'More than 1 files in the folders, stop listing'
INFO: 2020-06-14 11:14:59,682: trigger_download() 'Triggering download thread to check if download needed'
INFO: 2020-06-14 11:19:57,806: regular_change_thread() 'regular_change changes wallpaper'
INFO: 2020-06-14 11:19:57,807: set_wallpaper() 'Calling set_wallpaper with /usr/share/backgrounds/xfce/wpM_orbit2_textured.jpg'
INFO: 2020-06-14 11:19:57,807: prepare_thread() 'Prepared buffer contains 90 images'
INFO: 2020-06-14 11:19:57,809: do_set_wp() 'Calling do_set_wp with /usr/share/backgrounds/xfce/wpM_orbit2_textured.jpg, time: 1592104797.8090274'
INFO: 2020-06-14 11:19:57,840: update_indicator() 'Setting file info to: /usr/share/backgrounds/xfce/wpM_orbit2_textured.jpg'
INFO: 2020-06-14 11:19:57,842: list_files() 'More than 1 files in the folders, stop listing'
INFO: 2020-06-14 11:19:59,808: trigger_download() 'Triggering download thread to check if download needed'
INFO: 2020-06-14 11:24:57,926: regular_change_thread() 'regular_change changes wallpaper'
INFO: 2020-06-14 11:24:57,927: set_wallpaper() 'Calling set_wallpaper with /usr/share/backgrounds/wallpapers-2018/matrix-manjaro.jpg'
INFO: 2020-06-14 11:24:57,927: prepare_thread() 'Prepared buffer contains 89 images'
INFO: 2020-06-14 11:24:57,928: do_set_wp() 'Calling do_set_wp with /usr/share/backgrounds/wallpapers-2018/matrix-manjaro.jpg, time: 1592105097.928931'
INFO: 2020-06-14 11:24:57,948: update_indicator() 'Setting file info to: /usr/share/backgrounds/wallpapers-2018/matrix-manjaro.jpg'
INFO: 2020-06-14 11:24:57,950: list_files() 'More than 1 files in the folders, stop listing'
INFO: 2020-06-14 11:24:59,928: trigger_download() 'Triggering download thread to check if download needed'
INFO: 2020-06-14 11:29:58,002: regular_change_thread() 'regular_change changes wallpaper'
INFO: 2020-06-14 11:29:58,003: set_wallpaper() 'Calling set_wallpaper with /usr/share/backgrounds/wallpapers-2018/nature-3058859.jpg'
INFO: 2020-06-14 11:29:58,003: prepare_thread() 'Prepared buffer contains 88 images'
INFO: 2020-06-14 11:29:58,004: do_set_wp() 'Calling do_set_wp with /usr/share/backgrounds/wallpapers-2018/nature-3058859.jpg, time: 1592105398.0046837'
INFO: 2020-06-14 11:29:58,024: update_indicator() 'Setting file info to: /usr/share/backgrounds/wallpapers-2018/nature-3058859.jpg'
INFO: 2020-06-14 11:29:58,025: list_files() 'More than 1 files in the folders, stop listing'
INFO: 2020-06-14 11:30:00,004: trigger_download() 'Triggering download thread to check if download needed'
INFO: 2020-06-14 11:34:58,070: regular_change_thread() 'regular_change changes wallpaper'
INFO: 2020-06-14 11:34:58,071: set_wallpaper() 'Calling set_wallpaper with /usr/share/backgrounds/manjaro-wallpapers-18.0/manjaro_maia_abstract2.jpg'
INFO: 2020-06-14 11:34:58,071: prepare_thread() 'Prepared buffer contains 87 images'
INFO: 2020-06-14 11:34:58,073: do_set_wp() 'Calling do_set_wp with /usr/share/backgrounds/manjaro-wallpapers-18.0/manjaro_maia_abstract2.jpg, time: 1592105698.0733464'
INFO: 2020-06-14 11:34:58,107: update_indicator() 'Setting file info to: /usr/share/backgrounds/manjaro-wallpapers-18.0/manjaro_maia_abstract2.jpg'
INFO: 2020-06-14 11:34:58,110: list_files() 'More than 1 files in the folders, stop listing'
INFO: 2020-06-14 11:35:00,073: trigger_download() 'Triggering download thread to check if download needed'
INFO: 2020-06-14 11:39:58,177: regular_change_thread() 'regular_change changes wallpaper'
INFO: 2020-06-14 11:39:58,178: set_wallpaper() 'Calling set_wallpaper with /usr/share/backgrounds/wallpapers-juhraya/wMJ_J5_by_Bogdan-Covaciu.jpg'
INFO: 2020-06-14 11:39:58,178: prepare_thread() 'Prepared buffer contains 86 images'
INFO: 2020-06-14 11:39:58,182: do_set_wp() 'Calling do_set_wp with /usr/share/backgrounds/wallpapers-juhraya/wMJ_J5_by_Bogdan-Covaciu.jpg, time: 1592105998.182087'
INFO: 2020-06-14 11:39:58,215: update_indicator() 'Setting file info to: /usr/share/backgrounds/wallpapers-juhraya/wMJ_J5_by_Bogdan-Covaciu.jpg'
INFO: 2020-06-14 11:39:58,218: list_files() 'More than 1 files in the folders, stop listing'
INFO: 2020-06-14 11:40:00,183: trigger_download() 'Triggering download thread to check if download needed'
INFO: 2020-06-14 11:44:58,288: regular_change_thread() 'regular_change changes wallpaper'
INFO: 2020-06-14 11:44:58,289: set_wallpaper() 'Calling set_wallpaper with /usr/share/backgrounds/wallpapers-juhraya/wMJ_J2b_by_Bogdan-Covaciu.jpg'
INFO: 2020-06-14 11:44:58,290: do_set_wp() 'Calling do_set_wp with /usr/share/backgrounds/wallpapers-juhraya/wMJ_J2b_by_Bogdan-Covaciu.jpg, time: 1592106298.2902453'
INFO: 2020-06-14 11:44:58,290: prepare_thread() 'Prepared buffer contains 85 images'
INFO: 2020-06-14 11:44:58,320: update_indicator() 'Setting file info to: /usr/share/backgrounds/wallpapers-juhraya/wMJ_J2b_by_Bogdan-Covaciu.jpg'
INFO: 2020-06-14 11:44:58,322: list_files() 'More than 1 files in the folders, stop listing'
INFO: 2020-06-14 11:45:00,291: trigger_download() 'Triggering download thread to check if download needed'
INFO: 2020-06-14 11:49:58,386: regular_change_thread() 'regular_change changes wallpaper'
INFO: 2020-06-14 11:49:58,386: set_wallpaper() 'Calling set_wallpaper with /usr/share/backgrounds/manjaro-wallpapers-18.0/buttongreen.jpg'
INFO: 2020-06-14 11:49:58,387: prepare_thread() 'Prepared buffer contains 84 images'
INFO: 2020-06-14 11:49:58,388: do_set_wp() 'Calling do_set_wp with /usr/share/backgrounds/manjaro-wallpapers-18.0/buttongreen.jpg, time: 1592106598.3883693'
INFO: 2020-06-14 11:49:58,422: update_indicator() 'Setting file info to: /usr/share/backgrounds/manjaro-wallpapers-18.0/buttongreen.jpg'
INFO: 2020-06-14 11:49:58,425: list_files() 'More than 1 files in the folders, stop listing'
INFO: 2020-06-14 11:50:00,388: trigger_download() 'Triggering download thread to check if download needed'
