INFO: 2020-03-13 23:17:18,504: main() 'Using profile folder /home/hine/.config/variety/'
INFO: 2020-03-13 23:17:18,507: perform_upgrade() 'Last run version was 0.8.3 or earlier, current version is 0.8.3'
INFO: 2020-03-13 23:17:18,595: process_command() 'Received command: []'
INFO: 2020-03-13 23:17:18,598: load_banned() 'Missing or invalid banned URLs list, no URLs will be banned'
INFO: 2020-03-13 23:17:18,610: start() 'Using data_path /usr/share/variety'
INFO: 2020-03-13 23:17:18,610: load() 'Jumble loading'
INFO: 2020-03-13 23:17:18,610: _walk_modules() 'Jumble loading module in __init__ from /usr/lib/python3.8/site-packages/variety/plugins/builtin/__init__.py'
INFO: 2020-03-13 23:17:18,612: _walk_modules() 'Jumble loading module in QuotationsPageSource from /usr/lib/python3.8/site-packages/variety/plugins/builtin/quotes/QuotationsPageSource.py'
INFO: 2020-03-13 23:17:18,618: load() 'Jumble found plugin class: <class 'QuotationsPageSource.QuotationsPageSource'>: {'name': 'TheQuotationsPage.com', 'description': '从 QuotationsPage.com 获取箴言', 'author': 'Peter Levi', 'version': '0.1'}'
INFO: 2020-03-13 23:17:18,619: _walk_modules() 'Jumble loading module in FortuneSource from /usr/lib/python3.8/site-packages/variety/plugins/builtin/quotes/FortuneSource.py'
INFO: 2020-03-13 23:17:18,619: load() 'Jumble found plugin class: <class 'FortuneSource.FortuneSource'>: {'name': 'UNIX fortune program', 'description': 'Displays quotes using the UNIX fortune program. You may want to install additional fortune packs, e.g. fortunes-bofh-excuses.', 'author': 'Dan Jones', 'version': '0.1'}'
INFO: 2020-03-13 23:17:18,619: _walk_modules() 'Jumble loading module in LocalFilesSource from /usr/lib/python3.8/site-packages/variety/plugins/builtin/quotes/LocalFilesSource.py'
INFO: 2020-03-13 23:17:18,620: load() 'Jumble found plugin class: <class 'LocalFilesSource.LocalFilesSource'>: {'name': 'Local text files', 'description': 'Displays quotes, defined in local text files.\nPut your own txt files in: ~/.config/variety/pluginconfig/quotes/.\nThe file format is:\n\nquote -- author\n.\nsecond quote -- another author\n.\netc...\n\nExample: http://rvelthuis.de/zips/quotes.txt', 'author': 'Peter Levi', 'version': '0.1'}'
INFO: 2020-03-13 23:17:18,620: _walk_modules() 'Jumble loading module in GoodreadsSource from /usr/lib/python3.8/site-packages/variety/plugins/builtin/quotes/GoodreadsSource.py'
INFO: 2020-03-13 23:17:18,620: load() 'Jumble found plugin class: <class 'GoodreadsSource.GoodreadsSource'>: {'name': 'Goodreads', 'description': '从 Goodreads.com 获取箴言', 'author': 'Peter Levi', 'version': '0.1'}'
INFO: 2020-03-13 23:17:18,621: _walk_modules() 'Jumble loading module in UrbanDictionarySource from /usr/lib/python3.8/site-packages/variety/plugins/builtin/quotes/UrbanDictionarySource.py'
INFO: 2020-03-13 23:17:18,621: load() 'Jumble found plugin class: <class 'UrbanDictionarySource.UrbanDictionarySource'>: {'name': 'Urban Dictionary', 'description': 'Displays definitions from Urban Dictionary', 'author': 'James Miller', 'version': '0.1'}'
INFO: 2020-03-13 23:17:18,621: _walk_modules() 'Jumble loading module in __init__ from /usr/lib/python3.8/site-packages/variety/plugins/builtin/quotes/__init__.py'
INFO: 2020-03-13 23:17:18,622: _walk_modules() 'Jumble loading module in RedditSource from /usr/lib/python3.8/site-packages/variety/plugins/builtin/downloaders/RedditSource.py'
INFO: 2020-03-13 23:17:18,623: load() 'Jumble found plugin class: <class 'RedditSource.RedditSource'>: {'name': 'RedditSource', 'description': 'Configurable source for fetching images from Reddit', 'author': 'Peter Levi', 'version': '0.1'}'
INFO: 2020-03-13 23:17:18,624: _walk_modules() 'Jumble loading module in WallhavenDownloader from /usr/lib/python3.8/site-packages/variety/plugins/builtin/downloaders/WallhavenDownloader.py'
INFO: 2020-03-13 23:17:18,625: _walk_modules() 'Jumble loading module in APODDownloader from /usr/lib/python3.8/site-packages/variety/plugins/builtin/downloaders/APODDownloader.py'
INFO: 2020-03-13 23:17:18,625: load() 'Jumble found plugin class: <class 'APODDownloader.APODDownloader'>: {'name': 'APODDownloader', 'description': 'NASA Astro Pic of the Day', 'author': 'Peter Levi', 'version': '0.1'}'
INFO: 2020-03-13 23:17:18,625: _walk_modules() 'Jumble loading module in DesktopprDownloader from /usr/lib/python3.8/site-packages/variety/plugins/builtin/downloaders/DesktopprDownloader.py'
INFO: 2020-03-13 23:17:18,626: load() 'Jumble found plugin class: <class 'DesktopprDownloader.DesktopprDownloader'>: {'name': 'DesktopprDownloader', 'description': 'Random wallpapers from Desktoppr.co', 'author': 'Peter Levi', 'version': '0.1'}'
INFO: 2020-03-13 23:17:18,626: _walk_modules() 'Jumble loading module in RedditDownloader from /usr/lib/python3.8/site-packages/variety/plugins/builtin/downloaders/RedditDownloader.py'
INFO: 2020-03-13 23:17:18,626: _walk_modules() 'Jumble loading module in MediaRSSSource from /usr/lib/python3.8/site-packages/variety/plugins/builtin/downloaders/MediaRSSSource.py'
INFO: 2020-03-13 23:17:18,627: load() 'Jumble found plugin class: <class 'MediaRSSSource.MediaRSSSource'>: {'name': 'MediaRSSSource', 'description': 'Configurable source for fetching images from MediaRSS feeds', 'author': 'Peter Levi', 'version': '0.1'}'
INFO: 2020-03-13 23:17:18,628: _walk_modules() 'Jumble loading module in BingDownloader from /usr/lib/python3.8/site-packages/variety/plugins/builtin/downloaders/BingDownloader.py'
INFO: 2020-03-13 23:17:18,628: load() 'Jumble found plugin class: <class 'BingDownloader.BingDownloader'>: {'name': 'BingDownloader', 'description': 'Bing Photo of the Day', 'author': 'Peter Levi', 'version': '0.1'}'
INFO: 2020-03-13 23:17:18,628: _walk_modules() 'Jumble loading module in UnsplashDownloader from /usr/lib/python3.8/site-packages/variety/plugins/builtin/downloaders/UnsplashDownloader.py'
INFO: 2020-03-13 23:17:18,629: load() 'Jumble found plugin class: <class 'UnsplashDownloader.UnsplashDownloader'>: {'name': 'UnsplashDownloader', 'description': 'High-resolution photos from Unsplash.com', 'author': 'Peter Levi', 'version': '0.1'}'
INFO: 2020-03-13 23:17:18,629: _walk_modules() 'Jumble loading module in MediaRSSDownloader from /usr/lib/python3.8/site-packages/variety/plugins/builtin/downloaders/MediaRSSDownloader.py'
INFO: 2020-03-13 23:17:18,630: _walk_modules() 'Jumble loading module in WallhavenSource from /usr/lib/python3.8/site-packages/variety/plugins/builtin/downloaders/WallhavenSource.py'
INFO: 2020-03-13 23:17:18,630: load() 'Jumble found plugin class: <class 'WallhavenSource.WallhavenSource'>: {'name': 'MediaRSSSource', 'description': 'Configurable source for fetching images from Wallhaven.cc', 'author': 'Peter Levi', 'version': '0.1'}'
INFO: 2020-03-13 23:17:18,631: _walk_modules() 'Jumble loading module in EarthviewDownloader from /usr/lib/python3.8/site-packages/variety/plugins/builtin/downloaders/EarthviewDownloader.py'
INFO: 2020-03-13 23:17:18,631: load() 'Jumble found plugin class: <class 'EarthviewDownloader.EarthviewDownloader'>: {'name': 'EarthviewDownloader', 'description': 'Google Earth View Wallpapers', 'author': 'Peter Levi', 'version': '0.1'}'
INFO: 2020-03-13 23:17:18,631: _walk_modules() 'Jumble loading module in ChromeOSWallpapersDownloader from /usr/lib/python3.8/site-packages/variety/plugins/builtin/downloaders/ChromeOSWallpapersDownloader.py'
INFO: 2020-03-13 23:17:18,632: load() 'Jumble found plugin class: <class 'ChromeOSWallpapersDownloader.ChromeOSWallpapersDownloader'>: {'name': 'ChromeOsWallpapersDownloader', 'description': 'Chrome OS Wallpapers', 'author': 'Peter Levi', 'version': '0.1'}'
INFO: 2020-03-13 23:17:18,632: _walk_modules() 'Jumble loading module in UnsplashConfigurableSource from /usr/lib/python3.8/site-packages/variety/plugins/builtin/downloaders/UnsplashConfigurableSource.py'
INFO: 2020-03-13 23:17:18,633: load() 'Jumble found plugin class: <class 'UnsplashConfigurableSource.UnsplashConfigurableSource'>: {'name': 'UnsplashConfigurableSource', 'description': 'Configurable source for fetching photos from Unsplash.com', 'author': 'Peter Levi', 'version': '0.1'}'
INFO: 2020-03-13 23:17:18,633: _walk_modules() 'Jumble loading module in __init__ from /usr/lib/python3.8/site-packages/variety/plugins/builtin/downloaders/__init__.py'
INFO: 2020-03-13 23:17:18,637: log_options() 'Loaded options:'
INFO: 2020-03-13 23:17:18,637: log_options() 'change_enabled = True'
INFO: 2020-03-13 23:17:18,637: log_options() 'change_interval = 300'
INFO: 2020-03-13 23:17:18,637: log_options() 'change_on_start = False'
INFO: 2020-03-13 23:17:18,637: log_options() 'clipboard_enabled = False'
INFO: 2020-03-13 23:17:18,637: log_options() 'clipboard_hosts = ['wallhaven.cc', 'wallpapers.net', 'flickr.com', 'imgur.com', 'deviantart.com', 'interfacelift.com', 'vladstudio.com', 'imageshack.us', 'deviantart.net', 'imageshack.com']'
INFO: 2020-03-13 23:17:18,637: log_options() 'clipboard_use_whitelist = True'
INFO: 2020-03-13 23:17:18,637: log_options() 'clock_date_font = Ubuntu Condensed, 30'
INFO: 2020-03-13 23:17:18,637: log_options() 'clock_enabled = False'
INFO: 2020-03-13 23:17:18,637: log_options() 'clock_filter = -density 100 -font `fc-match -f '%{file[0]}' '%CLOCK_FONT_NAME'` -pointsize %CLOCK_FONT_SIZE -gravity SouthEast -fill '#00000044' -annotate 0x0+[%HOFFSET+58]+[%VOFFSET+108] '%H:%M' -fill white -annotate 0x0+[%HOFFSET+60]+[%VOFFSET+110] '%H:%M' -font `fc-match -f '%{file[0]}' '%DATE_FONT_NAME'` -pointsize %DATE_FONT_SIZE -fill '#00000044' -annotate 0x0+[%HOFFSET+58]+[%VOFFSET+58] '%A, %B %d' -fill white -annotate 0x0+[%HOFFSET+60]+[%VOFFSET+60] '%A, %B %d''
INFO: 2020-03-13 23:17:18,637: log_options() 'clock_font = Ubuntu Condensed, 70'
INFO: 2020-03-13 23:17:18,637: log_options() 'configfile = /home/hine/.config/variety/variety.conf'
INFO: 2020-03-13 23:17:18,637: log_options() 'copyto_enabled = False'
INFO: 2020-03-13 23:17:18,637: log_options() 'copyto_folder = Default'
INFO: 2020-03-13 23:17:18,637: log_options() 'desired_color = [160, 160, 160]'
INFO: 2020-03-13 23:17:18,637: log_options() 'desired_color_enabled = False'
INFO: 2020-03-13 23:17:18,637: log_options() 'download_folder = /home/hine/.config/variety/Downloaded'
INFO: 2020-03-13 23:17:18,637: log_options() 'download_preference_ratio = 0.9'
INFO: 2020-03-13 23:17:18,637: log_options() 'favorites_folder = /home/hine/.config/variety/Favorites'
INFO: 2020-03-13 23:17:18,637: log_options() 'favorites_operations = [['Downloaded', 'Copy'], ['Fetched', 'Move'], ['Others', 'Copy']]'
INFO: 2020-03-13 23:17:18,638: log_options() 'fetched_folder = /home/hine/.config/variety/Fetched'
INFO: 2020-03-13 23:17:18,638: log_options() 'filters = [[False, 'Keep original', ''], [False, 'Grayscale', '-type Grayscale'], [False, 'Heavy blur', '-blur 120x40'], [False, 'Soft blur', '-blur 20x7'], [False, 'Oil painting', '-paint 8'], [False, 'Pointilism', '-spread 10 -noise 3'], [False, 'Pixellate', '-scale 3% -scale 3333%']]'
INFO: 2020-03-13 23:17:18,638: log_options() 'icon = Light'
INFO: 2020-03-13 23:17:18,638: log_options() 'lightness_enabled = False'
INFO: 2020-03-13 23:17:18,638: log_options() 'lightness_mode = 0'
INFO: 2020-03-13 23:17:18,638: log_options() 'min_rating = 4'
INFO: 2020-03-13 23:17:18,638: log_options() 'min_rating_enabled = False'
INFO: 2020-03-13 23:17:18,638: log_options() 'min_size = 80'
INFO: 2020-03-13 23:17:18,638: log_options() 'min_size_enabled = False'
INFO: 2020-03-13 23:17:18,638: log_options() 'quota_enabled = True'
INFO: 2020-03-13 23:17:18,638: log_options() 'quota_size = 1000'
INFO: 2020-03-13 23:17:18,638: log_options() 'quotes_authors = '
INFO: 2020-03-13 23:17:18,638: log_options() 'quotes_bg_color = [80, 80, 80]'
INFO: 2020-03-13 23:17:18,638: log_options() 'quotes_bg_opacity = 55'
INFO: 2020-03-13 23:17:18,638: log_options() 'quotes_change_enabled = False'
INFO: 2020-03-13 23:17:18,638: log_options() 'quotes_change_interval = 300'
INFO: 2020-03-13 23:17:18,638: log_options() 'quotes_disabled_sources = ['Urban Dictionary']'
INFO: 2020-03-13 23:17:18,638: log_options() 'quotes_enabled = False'
INFO: 2020-03-13 23:17:18,638: log_options() 'quotes_favorites_file = /home/hine/.config/variety/favorite_quotes.txt'
INFO: 2020-03-13 23:17:18,638: log_options() 'quotes_font = Bitstream Charter 30'
INFO: 2020-03-13 23:17:18,638: log_options() 'quotes_hpos = 100'
INFO: 2020-03-13 23:17:18,638: log_options() 'quotes_max_length = 250'
INFO: 2020-03-13 23:17:18,638: log_options() 'quotes_tags = '
INFO: 2020-03-13 23:17:18,638: log_options() 'quotes_text_color = [255, 255, 255]'
INFO: 2020-03-13 23:17:18,638: log_options() 'quotes_text_shadow = False'
INFO: 2020-03-13 23:17:18,638: log_options() 'quotes_vpos = 40'
INFO: 2020-03-13 23:17:18,638: log_options() 'quotes_width = 70'
INFO: 2020-03-13 23:17:18,638: log_options() 'safe_mode = False'
INFO: 2020-03-13 23:17:18,638: log_options() 'slideshow_custom_enabled = False'
INFO: 2020-03-13 23:17:18,638: log_options() 'slideshow_custom_folder = /home/hine/图片'
INFO: 2020-03-13 23:17:18,638: log_options() 'slideshow_downloads_enabled = False'
INFO: 2020-03-13 23:17:18,638: log_options() 'slideshow_fade = 0.4'
INFO: 2020-03-13 23:17:18,638: log_options() 'slideshow_favorites_enabled = True'
INFO: 2020-03-13 23:17:18,638: log_options() 'slideshow_mode = Fullscreen'
INFO: 2020-03-13 23:17:18,638: log_options() 'slideshow_monitor = All'
INFO: 2020-03-13 23:17:18,638: log_options() 'slideshow_pan = 0.05'
INFO: 2020-03-13 23:17:18,638: log_options() 'slideshow_seconds = 6.0'
INFO: 2020-03-13 23:17:18,638: log_options() 'slideshow_sort_order = Random'
INFO: 2020-03-13 23:17:18,638: log_options() 'slideshow_sources_enabled = True'
INFO: 2020-03-13 23:17:18,638: log_options() 'slideshow_zoom = 0.2'
INFO: 2020-03-13 23:17:18,638: log_options() 'smart_enabled = False'
INFO: 2020-03-13 23:17:18,638: log_options() 'smart_notice_shown = False'
INFO: 2020-03-13 23:17:18,638: log_options() 'smart_register_shown = False'
INFO: 2020-03-13 23:17:18,638: log_options() 'sources = [[False, 'favorites', 'The Favorites folder'], [False, 'fetched', 'The Fetched folder'], [True, 'folder', '/usr/share/backgrounds'], [False, 'flickr', 'user:www.flickr.com/photos/peter-levi/;user_id:93647178@N00;'], [False, 'apod', "NASA's Astronomy Picture of the Day"], [False, 'bing', 'Bing Photo of the Day'], [False, 'chromeos', 'Chrome OS Wallpapers'], [False, 'desktoppr', 'Random wallpapers from Desktoppr.co'], [False, 'earthview', 'Google Earth View Wallpapers'], [False, 'unsplash', 'High-resolution photos from Unsplash.com']]'
INFO: 2020-03-13 23:17:18,638: log_options() 'stats_enabled = True'
INFO: 2020-03-13 23:17:18,639: log_options() 'stats_notice_shown = False'
INFO: 2020-03-13 23:17:18,639: log_options() 'sync_enabled = True'
INFO: 2020-03-13 23:17:18,639: log_options() 'use_landscape_enabled = True'
INFO: 2020-03-13 23:17:18,639: reload_config() 'No need to clear prepared queue'
INFO: 2020-03-13 23:17:18,639: update_indicator() 'Setting file info to: /usr/share/backgrounds/manjaro-wallpapers-18.0/Manjaro_Perspective_light.jpg'
INFO: 2020-03-13 23:17:18,641: load_last_change_time() 'Change interval < 6 hours, ignore persisted last_change_time, wait initially the whole interval: 300'
INFO: 2020-03-13 23:17:18,641: update_indicator() 'Setting file info to: /usr/share/backgrounds/manjaro-wallpapers-18.0/Manjaro_Perspective_light.jpg'
INFO: 2020-03-13 23:17:18,641: regular_change_thread() 'regular_change thread running'
INFO: 2020-03-13 23:17:18,641: prepare_thread() 'Prepare thread running'
INFO: 2020-03-13 23:17:18,642: prepare_thread() 'Prepared buffer contains 0 images'
INFO: 2020-03-13 23:17:18,642: prepare_thread() 'Preparing some images'
INFO: 2020-03-13 23:17:18,646: update_indicator_icon() 'Creating indicator'
WARNING: 2020-03-13 23:17:18,658: create_menu() 'Variety Slideshow is not installed. This is an optional extension adding pan-and-zoom slideshows to Variety: see https://github.com/peterlevi/variety-slideshow for details'
INFO: 2020-03-13 23:17:18,661: create_indicator() 'indicator backend: AppIndicator3'
INFO: 2020-03-13 23:17:18,674: set_from_theme_icon() 'Showing indicator icon variety-indicator from GTK theme'
INFO: 2020-03-13 23:17:18,682: prepare_thread() 'After search prepared buffer contains 100 images'
INFO: 2020-03-13 23:17:18,742: do_set_wp() 'Calling do_set_wp with /usr/share/backgrounds/manjaro-wallpapers-18.0/Manjaro_Perspective_light.jpg, time: 1584112638.742142'
INFO: 2020-03-13 23:17:18,769: update_indicator() 'Setting file info to: /usr/share/backgrounds/manjaro-wallpapers-18.0/Manjaro_Perspective_light.jpg'
INFO: 2020-03-13 23:17:18,772: list_files() 'More than 1 files in the folders, stop listing'
INFO: 2020-03-13 23:17:19,960: reload() 'Reloading preferences dialog'
INFO: 2020-03-13 23:17:20,682: trigger_download() 'Triggering download thread to check if download needed'
INFO: 2020-03-13 23:17:32,415: update_indicator() 'Setting file info to: /usr/share/backgrounds/manjaro-wallpapers-18.0/Manjaro_Perspective_light.jpg'
INFO: 2020-03-13 23:17:32,417: list_files() 'More than 1 files in the folders, stop listing'
INFO: 2020-03-13 23:17:32,418: regular_change_thread() 'regular_change: waiting till user resumes'
INFO: 2020-03-13 23:17:32,509: apply() 'Applying preferences'
INFO: 2020-03-13 23:17:32,517: set_visible() 'Showing indicator icon'
INFO: 2020-03-13 23:17:32,518: set_from_theme_icon() 'Showing indicator icon variety-indicator from GTK theme'
INFO: 2020-03-13 23:17:32,518: log_options() 'Loaded options:'
INFO: 2020-03-13 23:17:32,518: log_options() 'change_enabled = False'
INFO: 2020-03-13 23:17:32,518: log_options() 'change_interval = 300'
INFO: 2020-03-13 23:17:32,518: log_options() 'change_on_start = False'
INFO: 2020-03-13 23:17:32,518: log_options() 'clipboard_enabled = False'
INFO: 2020-03-13 23:17:32,518: log_options() 'clipboard_hosts = ['wallhaven.cc', 'wallpapers.net', 'flickr.com', 'imgur.com', 'deviantart.com', 'interfacelift.com', 'vladstudio.com', 'imageshack.us', 'deviantart.net', 'imageshack.com']'
INFO: 2020-03-13 23:17:32,518: log_options() 'clipboard_use_whitelist = True'
INFO: 2020-03-13 23:17:32,518: log_options() 'clock_date_font = Ubuntu Condensed, 30'
INFO: 2020-03-13 23:17:32,519: log_options() 'clock_enabled = False'
INFO: 2020-03-13 23:17:32,519: log_options() 'clock_filter = -density 100 -font `fc-match -f '%{file[0]}' '%CLOCK_FONT_NAME'` -pointsize %CLOCK_FONT_SIZE -gravity SouthEast -fill '#00000044' -annotate 0x0+[%HOFFSET+58]+[%VOFFSET+108] '%H:%M' -fill white -annotate 0x0+[%HOFFSET+60]+[%VOFFSET+110] '%H:%M' -font `fc-match -f '%{file[0]}' '%DATE_FONT_NAME'` -pointsize %DATE_FONT_SIZE -fill '#00000044' -annotate 0x0+[%HOFFSET+58]+[%VOFFSET+58] '%A, %B %d' -fill white -annotate 0x0+[%HOFFSET+60]+[%VOFFSET+60] '%A, %B %d''
INFO: 2020-03-13 23:17:32,519: log_options() 'clock_font = Ubuntu Condensed, 70'
INFO: 2020-03-13 23:17:32,519: log_options() 'configfile = /home/hine/.config/variety/variety.conf'
INFO: 2020-03-13 23:17:32,519: log_options() 'copyto_enabled = False'
INFO: 2020-03-13 23:17:32,519: log_options() 'copyto_folder = Default'
INFO: 2020-03-13 23:17:32,519: log_options() 'desired_color = [160, 160, 160]'
INFO: 2020-03-13 23:17:32,519: log_options() 'desired_color_enabled = False'
INFO: 2020-03-13 23:17:32,519: log_options() 'download_folder = /home/hine/.config/variety/Downloaded'
INFO: 2020-03-13 23:17:32,519: log_options() 'download_preference_ratio = 0.9'
INFO: 2020-03-13 23:17:32,519: log_options() 'favorites_folder = /home/hine/.config/variety/Favorites'
INFO: 2020-03-13 23:17:32,519: log_options() 'favorites_operations = [['Downloaded', 'Copy'], ['Fetched', 'Move'], ['Others', 'Copy']]'
INFO: 2020-03-13 23:17:32,519: log_options() 'fetched_folder = /home/hine/.config/variety/Fetched'
INFO: 2020-03-13 23:17:32,519: log_options() 'filters = [[False, 'Keep original', ''], [False, 'Grayscale', '-type Grayscale'], [False, 'Heavy blur', '-blur 120x40'], [False, 'Soft blur', '-blur 20x7'], [False, 'Oil painting', '-paint 8'], [False, 'Pointilism', '-spread 10 -noise 3'], [False, 'Pixellate', '-scale 3% -scale 3333%']]'
INFO: 2020-03-13 23:17:32,519: log_options() 'icon = Light'
INFO: 2020-03-13 23:17:32,519: log_options() 'lightness_enabled = False'
INFO: 2020-03-13 23:17:32,519: log_options() 'lightness_mode = 0'
INFO: 2020-03-13 23:17:32,519: log_options() 'min_rating = 4'
INFO: 2020-03-13 23:17:32,519: log_options() 'min_rating_enabled = False'
INFO: 2020-03-13 23:17:32,519: log_options() 'min_size = 80'
INFO: 2020-03-13 23:17:32,519: log_options() 'min_size_enabled = False'
INFO: 2020-03-13 23:17:32,519: log_options() 'quota_enabled = True'
INFO: 2020-03-13 23:17:32,519: log_options() 'quota_size = 1000'
INFO: 2020-03-13 23:17:32,519: log_options() 'quotes_authors = '
INFO: 2020-03-13 23:17:32,519: log_options() 'quotes_bg_color = [80, 80, 80]'
INFO: 2020-03-13 23:17:32,519: log_options() 'quotes_bg_opacity = 55'
INFO: 2020-03-13 23:17:32,519: log_options() 'quotes_change_enabled = False'
INFO: 2020-03-13 23:17:32,519: log_options() 'quotes_change_interval = 300'
INFO: 2020-03-13 23:17:32,519: log_options() 'quotes_disabled_sources = ['Urban Dictionary']'
INFO: 2020-03-13 23:17:32,519: log_options() 'quotes_enabled = False'
INFO: 2020-03-13 23:17:32,519: log_options() 'quotes_favorites_file = /home/hine/.config/variety/favorite_quotes.txt'
INFO: 2020-03-13 23:17:32,519: log_options() 'quotes_font = Bitstream Charter 30'
INFO: 2020-03-13 23:17:32,519: log_options() 'quotes_hpos = 100'
INFO: 2020-03-13 23:17:32,519: log_options() 'quotes_max_length = 250'
INFO: 2020-03-13 23:17:32,519: log_options() 'quotes_tags = '
INFO: 2020-03-13 23:17:32,519: log_options() 'quotes_text_color = [255, 255, 255]'
INFO: 2020-03-13 23:17:32,519: log_options() 'quotes_text_shadow = False'
INFO: 2020-03-13 23:17:32,519: log_options() 'quotes_vpos = 40'
INFO: 2020-03-13 23:17:32,519: log_options() 'quotes_width = 70'
INFO: 2020-03-13 23:17:32,519: log_options() 'safe_mode = False'
INFO: 2020-03-13 23:17:32,519: log_options() 'slideshow_custom_enabled = False'
INFO: 2020-03-13 23:17:32,519: log_options() 'slideshow_custom_folder = /home/hine/图片'
INFO: 2020-03-13 23:17:32,519: log_options() 'slideshow_downloads_enabled = False'
INFO: 2020-03-13 23:17:32,519: log_options() 'slideshow_fade = 0.4'
INFO: 2020-03-13 23:17:32,519: log_options() 'slideshow_favorites_enabled = True'
INFO: 2020-03-13 23:17:32,520: log_options() 'slideshow_mode = Fullscreen'
INFO: 2020-03-13 23:17:32,520: log_options() 'slideshow_monitor = All'
INFO: 2020-03-13 23:17:32,520: log_options() 'slideshow_pan = 0.05'
INFO: 2020-03-13 23:17:32,520: log_options() 'slideshow_seconds = 6.0'
INFO: 2020-03-13 23:17:32,520: log_options() 'slideshow_sort_order = Random'
INFO: 2020-03-13 23:17:32,520: log_options() 'slideshow_sources_enabled = True'
INFO: 2020-03-13 23:17:32,520: log_options() 'slideshow_zoom = 0.2'
INFO: 2020-03-13 23:17:32,520: log_options() 'smart_enabled = False'
INFO: 2020-03-13 23:17:32,520: log_options() 'smart_notice_shown = False'
INFO: 2020-03-13 23:17:32,520: log_options() 'smart_register_shown = False'
INFO: 2020-03-13 23:17:32,520: log_options() 'sources = [[False, 'favorites', 'The Favorites folder'], [False, 'fetched', 'The Fetched folder'], [True, 'folder', '/usr/share/backgrounds'], [False, 'flickr', 'user:www.flickr.com/photos/peter-levi/;user_id:93647178@N00;'], [False, 'apod', "NASA's Astronomy Picture of the Day"], [False, 'bing', 'Bing Photo of the Day'], [False, 'chromeos', 'Chrome OS Wallpapers'], [False, 'desktoppr', 'Random wallpapers from Desktoppr.co'], [False, 'earthview', 'Google Earth View Wallpapers'], [False, 'unsplash', 'High-resolution photos from Unsplash.com']]'
INFO: 2020-03-13 23:17:32,520: log_options() 'stats_enabled = True'
INFO: 2020-03-13 23:17:32,520: log_options() 'stats_notice_shown = False'
INFO: 2020-03-13 23:17:32,520: log_options() 'sync_enabled = True'
INFO: 2020-03-13 23:17:32,520: log_options() 'use_landscape_enabled = True'
INFO: 2020-03-13 23:17:32,520: reload_config() 'No need to clear prepared queue'
INFO: 2020-03-13 23:17:32,520: update_indicator() 'Setting file info to: /usr/share/backgrounds/manjaro-wallpapers-18.0/Manjaro_Perspective_light.jpg'
INFO: 2020-03-13 23:17:32,520: list_files() 'More than 1 files in the folders, stop listing'
INFO: 2020-03-13 23:17:32,521: prepare_thread() 'Prepared buffer contains 100 images'
INFO: 2020-03-13 23:17:32,521: regular_change_thread() 'regular_change: waiting till user resumes'
INFO: 2020-03-13 23:17:32,621: do_set_wp() 'Calling do_set_wp with /usr/share/backgrounds/manjaro-wallpapers-18.0/Manjaro_Perspective_light.jpg, time: 1584112652.6215563'
INFO: 2020-03-13 23:17:32,651: update_indicator() 'Setting file info to: /usr/share/backgrounds/manjaro-wallpapers-18.0/Manjaro_Perspective_light.jpg'
INFO: 2020-03-13 23:17:32,653: list_files() 'More than 1 files in the folders, stop listing'
INFO: 2020-03-13 23:17:34,521: trigger_download() 'Triggering download thread to check if download needed'
INFO: 2020-03-13 23:17:38,661: server_options_thread() 'Fetching server options from http://tiny.cc/variety-options-063'
INFO: 2020-03-13 23:17:43,308: update_indicator() 'Setting file info to: /usr/share/backgrounds/manjaro-wallpapers-18.0/Manjaro_Perspective_light.jpg'
INFO: 2020-03-13 23:17:43,310: list_files() 'More than 1 files in the folders, stop listing'
INFO: 2020-03-13 23:17:43,401: apply() 'Applying preferences'
INFO: 2020-03-13 23:17:43,416: set_visible() 'Showing indicator icon'
INFO: 2020-03-13 23:17:43,417: set_from_theme_icon() 'Showing indicator icon variety-indicator from GTK theme'
INFO: 2020-03-13 23:17:43,418: log_options() 'Loaded options:'
INFO: 2020-03-13 23:17:43,418: log_options() 'change_enabled = True'
INFO: 2020-03-13 23:17:43,419: log_options() 'change_interval = 300'
INFO: 2020-03-13 23:17:43,419: log_options() 'change_on_start = False'
INFO: 2020-03-13 23:17:43,419: log_options() 'clipboard_enabled = False'
INFO: 2020-03-13 23:17:43,419: log_options() 'clipboard_hosts = ['wallhaven.cc', 'wallpapers.net', 'flickr.com', 'imgur.com', 'deviantart.com', 'interfacelift.com', 'vladstudio.com', 'imageshack.us', 'deviantart.net', 'imageshack.com']'
INFO: 2020-03-13 23:17:43,419: log_options() 'clipboard_use_whitelist = True'
INFO: 2020-03-13 23:17:43,419: log_options() 'clock_date_font = Ubuntu Condensed, 30'
INFO: 2020-03-13 23:17:43,419: log_options() 'clock_enabled = False'
INFO: 2020-03-13 23:17:43,419: log_options() 'clock_filter = -density 100 -font `fc-match -f '%{file[0]}' '%CLOCK_FONT_NAME'` -pointsize %CLOCK_FONT_SIZE -gravity SouthEast -fill '#00000044' -annotate 0x0+[%HOFFSET+58]+[%VOFFSET+108] '%H:%M' -fill white -annotate 0x0+[%HOFFSET+60]+[%VOFFSET+110] '%H:%M' -font `fc-match -f '%{file[0]}' '%DATE_FONT_NAME'` -pointsize %DATE_FONT_SIZE -fill '#00000044' -annotate 0x0+[%HOFFSET+58]+[%VOFFSET+58] '%A, %B %d' -fill white -annotate 0x0+[%HOFFSET+60]+[%VOFFSET+60] '%A, %B %d''
INFO: 2020-03-13 23:17:43,419: log_options() 'clock_font = Ubuntu Condensed, 70'
INFO: 2020-03-13 23:17:43,419: log_options() 'configfile = /home/hine/.config/variety/variety.conf'
INFO: 2020-03-13 23:17:43,420: log_options() 'copyto_enabled = False'
INFO: 2020-03-13 23:17:43,420: log_options() 'copyto_folder = Default'
INFO: 2020-03-13 23:17:43,420: log_options() 'desired_color = [160, 160, 160]'
INFO: 2020-03-13 23:17:43,420: log_options() 'desired_color_enabled = False'
INFO: 2020-03-13 23:17:43,420: log_options() 'download_folder = /home/hine/.config/variety/Downloaded'
INFO: 2020-03-13 23:17:43,420: log_options() 'download_preference_ratio = 0.9'
INFO: 2020-03-13 23:17:43,420: log_options() 'favorites_folder = /home/hine/.config/variety/Favorites'
INFO: 2020-03-13 23:17:43,420: log_options() 'favorites_operations = [['Downloaded', 'Copy'], ['Fetched', 'Move'], ['Others', 'Copy']]'
INFO: 2020-03-13 23:17:43,420: log_options() 'fetched_folder = /home/hine/.config/variety/Fetched'
INFO: 2020-03-13 23:17:43,420: log_options() 'filters = [[False, 'Keep original', ''], [False, 'Grayscale', '-type Grayscale'], [False, 'Heavy blur', '-blur 120x40'], [False, 'Soft blur', '-blur 20x7'], [False, 'Oil painting', '-paint 8'], [False, 'Pointilism', '-spread 10 -noise 3'], [False, 'Pixellate', '-scale 3% -scale 3333%']]'
INFO: 2020-03-13 23:17:43,420: log_options() 'icon = Light'
INFO: 2020-03-13 23:17:43,420: log_options() 'lightness_enabled = False'
INFO: 2020-03-13 23:17:43,421: log_options() 'lightness_mode = 0'
INFO: 2020-03-13 23:17:43,421: log_options() 'min_rating = 4'
INFO: 2020-03-13 23:17:43,421: log_options() 'min_rating_enabled = False'
INFO: 2020-03-13 23:17:43,421: log_options() 'min_size = 80'
INFO: 2020-03-13 23:17:43,421: log_options() 'min_size_enabled = False'
INFO: 2020-03-13 23:17:43,421: log_options() 'quota_enabled = True'
INFO: 2020-03-13 23:17:43,421: log_options() 'quota_size = 1000'
INFO: 2020-03-13 23:17:43,421: log_options() 'quotes_authors = '
INFO: 2020-03-13 23:17:43,421: log_options() 'quotes_bg_color = [80, 80, 80]'
INFO: 2020-03-13 23:17:43,421: log_options() 'quotes_bg_opacity = 55'
INFO: 2020-03-13 23:17:43,421: log_options() 'quotes_change_enabled = False'
INFO: 2020-03-13 23:17:43,421: log_options() 'quotes_change_interval = 300'
INFO: 2020-03-13 23:17:43,422: log_options() 'quotes_disabled_sources = ['Urban Dictionary']'
INFO: 2020-03-13 23:17:43,422: log_options() 'quotes_enabled = False'
INFO: 2020-03-13 23:17:43,422: log_options() 'quotes_favorites_file = /home/hine/.config/variety/favorite_quotes.txt'
INFO: 2020-03-13 23:17:43,422: log_options() 'quotes_font = Bitstream Charter 30'
INFO: 2020-03-13 23:17:43,422: log_options() 'quotes_hpos = 100'
INFO: 2020-03-13 23:17:43,422: log_options() 'quotes_max_length = 250'
INFO: 2020-03-13 23:17:43,422: log_options() 'quotes_tags = '
INFO: 2020-03-13 23:17:43,422: log_options() 'quotes_text_color = [255, 255, 255]'
INFO: 2020-03-13 23:17:43,422: log_options() 'quotes_text_shadow = False'
INFO: 2020-03-13 23:17:43,422: log_options() 'quotes_vpos = 40'
INFO: 2020-03-13 23:17:43,422: log_options() 'quotes_width = 70'
INFO: 2020-03-13 23:17:43,422: log_options() 'safe_mode = False'
INFO: 2020-03-13 23:17:43,422: log_options() 'slideshow_custom_enabled = False'
INFO: 2020-03-13 23:17:43,423: log_options() 'slideshow_custom_folder = /home/hine/图片'
INFO: 2020-03-13 23:17:43,423: log_options() 'slideshow_downloads_enabled = False'
INFO: 2020-03-13 23:17:43,423: log_options() 'slideshow_fade = 0.4'
INFO: 2020-03-13 23:17:43,423: log_options() 'slideshow_favorites_enabled = True'
INFO: 2020-03-13 23:17:43,423: log_options() 'slideshow_mode = Fullscreen'
INFO: 2020-03-13 23:17:43,423: log_options() 'slideshow_monitor = All'
INFO: 2020-03-13 23:17:43,423: log_options() 'slideshow_pan = 0.05'
INFO: 2020-03-13 23:17:43,423: log_options() 'slideshow_seconds = 6.0'
INFO: 2020-03-13 23:17:43,423: log_options() 'slideshow_sort_order = Random'
INFO: 2020-03-13 23:17:43,423: log_options() 'slideshow_sources_enabled = True'
INFO: 2020-03-13 23:17:43,423: log_options() 'slideshow_zoom = 0.2'
INFO: 2020-03-13 23:17:43,423: log_options() 'smart_enabled = False'
INFO: 2020-03-13 23:17:43,424: log_options() 'smart_notice_shown = False'
INFO: 2020-03-13 23:17:43,424: log_options() 'smart_register_shown = False'
INFO: 2020-03-13 23:17:43,424: log_options() 'sources = [[False, 'favorites', 'The Favorites folder'], [False, 'fetched', 'The Fetched folder'], [True, 'folder', '/usr/share/backgrounds'], [False, 'flickr', 'user:www.flickr.com/photos/peter-levi/;user_id:93647178@N00;'], [False, 'apod', "NASA's Astronomy Picture of the Day"], [False, 'bing', 'Bing Photo of the Day'], [False, 'chromeos', 'Chrome OS Wallpapers'], [False, 'desktoppr', 'Random wallpapers from Desktoppr.co'], [False, 'earthview', 'Google Earth View Wallpapers'], [False, 'unsplash', 'High-resolution photos from Unsplash.com']]'
INFO: 2020-03-13 23:17:43,424: log_options() 'stats_enabled = True'
INFO: 2020-03-13 23:17:43,424: log_options() 'stats_notice_shown = False'
INFO: 2020-03-13 23:17:43,424: log_options() 'sync_enabled = True'
INFO: 2020-03-13 23:17:43,424: log_options() 'use_landscape_enabled = True'
INFO: 2020-03-13 23:17:43,424: reload_config() 'No need to clear prepared queue'
INFO: 2020-03-13 23:17:43,424: update_indicator() 'Setting file info to: /usr/share/backgrounds/manjaro-wallpapers-18.0/Manjaro_Perspective_light.jpg'
INFO: 2020-03-13 23:17:43,426: list_files() 'More than 1 files in the folders, stop listing'
INFO: 2020-03-13 23:17:43,427: prepare_thread() 'Prepared buffer contains 100 images'
INFO: 2020-03-13 23:17:43,527: do_set_wp() 'Calling do_set_wp with /usr/share/backgrounds/manjaro-wallpapers-18.0/Manjaro_Perspective_light.jpg, time: 1584112663.5271058'
INFO: 2020-03-13 23:17:43,551: update_indicator() 'Setting file info to: /usr/share/backgrounds/manjaro-wallpapers-18.0/Manjaro_Perspective_light.jpg'
INFO: 2020-03-13 23:17:43,552: list_files() 'More than 1 files in the folders, stop listing'
ERROR: 2020-03-13 23:17:43,702: server_options_thread() 'Could not fetch Variety serverside options'
Traceback (most recent call last):
  File "/usr/lib/python3.8/site-packages/urllib3/connection.py", line 156, in _new_conn
    conn = connection.create_connection(
  File "/usr/lib/python3.8/site-packages/urllib3/util/connection.py", line 84, in create_connection
    raise err
  File "/usr/lib/python3.8/site-packages/urllib3/util/connection.py", line 74, in create_connection
    sock.connect(sa)
socket.timeout: timed out

During handling of the above exception, another exception occurred:

Traceback (most recent call last):
  File "/usr/lib/python3.8/site-packages/urllib3/connectionpool.py", line 665, in urlopen
    httplib_response = self._make_request(
  File "/usr/lib/python3.8/site-packages/urllib3/connectionpool.py", line 387, in _make_request
    conn.request(method, url, **httplib_request_kw)
  File "/usr/lib/python3.8/http/client.py", line 1230, in request
    self._send_request(method, url, body, headers, encode_chunked)
  File "/usr/lib/python3.8/http/client.py", line 1276, in _send_request
    self.endheaders(body, encode_chunked=encode_chunked)
  File "/usr/lib/python3.8/http/client.py", line 1225, in endheaders
    self._send_output(message_body, encode_chunked=encode_chunked)
  File "/usr/lib/python3.8/http/client.py", line 1004, in _send_output
    self.send(msg)
  File "/usr/lib/python3.8/http/client.py", line 944, in send
    self.connect()
  File "/usr/lib/python3.8/site-packages/urllib3/connection.py", line 184, in connect
    conn = self._new_conn()
  File "/usr/lib/python3.8/site-packages/urllib3/connection.py", line 161, in _new_conn
    raise ConnectTimeoutError(
urllib3.exceptions.ConnectTimeoutError: (<urllib3.connection.HTTPConnection object at 0x7ff2f0681dc0>, 'Connection to tiny.cc timed out. (connect timeout=5)')

During handling of the above exception, another exception occurred:

Traceback (most recent call last):
  File "/usr/lib/python3.8/site-packages/requests/adapters.py", line 439, in send
    resp = conn.urlopen(
  File "/usr/lib/python3.8/site-packages/urllib3/connectionpool.py", line 719, in urlopen
    retries = retries.increment(
  File "/usr/lib/python3.8/site-packages/urllib3/util/retry.py", line 436, in increment
    raise MaxRetryError(_pool, url, error or ResponseError(cause))
urllib3.exceptions.MaxRetryError: HTTPConnectionPool(host='tiny.cc', port=80): Max retries exceeded with url: /variety-options-063 (Caused by ConnectTimeoutError(<urllib3.connection.HTTPConnection object at 0x7ff2f0681dc0>, 'Connection to tiny.cc timed out. (connect timeout=5)'))

During handling of the above exception, another exception occurred:

Traceback (most recent call last):
  File "/usr/lib/python3.8/site-packages/variety/VarietyWindow.py", line 1087, in server_options_thread
    self.server_options = Util.fetch_json(VarietyWindow.SERVERSIDE_OPTIONS_URL)
  File "/usr/lib/python3.8/site-packages/variety/Util.py", line 643, in fetch_json
    return Util.request(url, data, **request_kwargs).json()
  File "/usr/lib/python3.8/site-packages/variety/Util.py", line 612, in request
    r = requests.request(
  File "/usr/lib/python3.8/site-packages/requests/api.py", line 61, in request
    return session.request(method=method, url=url, **kwargs)
  File "/usr/lib/python3.8/site-packages/requests/sessions.py", line 530, in request
    resp = self.send(prep, **send_kwargs)
  File "/usr/lib/python3.8/site-packages/requests/sessions.py", line 643, in send
    r = adapter.send(request, **kwargs)
  File "/usr/lib/python3.8/site-packages/requests/adapters.py", line 504, in send
    raise ConnectTimeout(e, request=request)
requests.exceptions.ConnectTimeout: HTTPConnectionPool(host='tiny.cc', port=80): Max retries exceeded with url: /variety-options-063 (Caused by ConnectTimeoutError(<urllib3.connection.HTTPConnection object at 0x7ff2f0681dc0>, 'Connection to tiny.cc timed out. (connect timeout=5)'))
INFO: 2020-03-13 23:17:45,427: trigger_download() 'Triggering download thread to check if download needed'
INFO: 2020-03-13 23:17:45,578: do_set_wp() 'Calling do_set_wp with /usr/share/backgrounds/manjaro-wallpapers-18.0/wpM_illyria_adapta.jpg, time: 1584112665.5784845'
INFO: 2020-03-13 23:17:45,610: update_indicator() 'Setting file info to: /usr/share/backgrounds/manjaro-wallpapers-18.0/wpM_illyria_adapta.jpg'
INFO: 2020-03-13 23:17:45,612: list_files() 'More than 1 files in the folders, stop listing'
INFO: 2020-03-13 23:18:13,737: server_options_thread() 'Fetching server options from http://tiny.cc/variety-options-063'
INFO: 2020-03-13 23:18:14,127: reload() 'Reloading preferences dialog'
ERROR: 2020-03-13 23:18:18,784: server_options_thread() 'Could not fetch Variety serverside options'
Traceback (most recent call last):
  File "/usr/lib/python3.8/site-packages/urllib3/connection.py", line 156, in _new_conn
    conn = connection.create_connection(
  File "/usr/lib/python3.8/site-packages/urllib3/util/connection.py", line 84, in create_connection
    raise err
  File "/usr/lib/python3.8/site-packages/urllib3/util/connection.py", line 74, in create_connection
    sock.connect(sa)
socket.timeout: timed out

During handling of the above exception, another exception occurred:

Traceback (most recent call last):
  File "/usr/lib/python3.8/site-packages/urllib3/connectionpool.py", line 665, in urlopen
    httplib_response = self._make_request(
  File "/usr/lib/python3.8/site-packages/urllib3/connectionpool.py", line 387, in _make_request
    conn.request(method, url, **httplib_request_kw)
  File "/usr/lib/python3.8/http/client.py", line 1230, in request
    self._send_request(method, url, body, headers, encode_chunked)
  File "/usr/lib/python3.8/http/client.py", line 1276, in _send_request
    self.endheaders(body, encode_chunked=encode_chunked)
  File "/usr/lib/python3.8/http/client.py", line 1225, in endheaders
    self._send_output(message_body, encode_chunked=encode_chunked)
  File "/usr/lib/python3.8/http/client.py", line 1004, in _send_output
    self.send(msg)
  File "/usr/lib/python3.8/http/client.py", line 944, in send
    self.connect()
  File "/usr/lib/python3.8/site-packages/urllib3/connection.py", line 184, in connect
    conn = self._new_conn()
  File "/usr/lib/python3.8/site-packages/urllib3/connection.py", line 161, in _new_conn
    raise ConnectTimeoutError(
urllib3.exceptions.ConnectTimeoutError: (<urllib3.connection.HTTPConnection object at 0x7ff2f00b42e0>, 'Connection to tiny.cc timed out. (connect timeout=5)')

During handling of the above exception, another exception occurred:

Traceback (most recent call last):
  File "/usr/lib/python3.8/site-packages/requests/adapters.py", line 439, in send
    resp = conn.urlopen(
  File "/usr/lib/python3.8/site-packages/urllib3/connectionpool.py", line 719, in urlopen
    retries = retries.increment(
  File "/usr/lib/python3.8/site-packages/urllib3/util/retry.py", line 436, in increment
    raise MaxRetryError(_pool, url, error or ResponseError(cause))
urllib3.exceptions.MaxRetryError: HTTPConnectionPool(host='tiny.cc', port=80): Max retries exceeded with url: /variety-options-063 (Caused by ConnectTimeoutError(<urllib3.connection.HTTPConnection object at 0x7ff2f00b42e0>, 'Connection to tiny.cc timed out. (connect timeout=5)'))

During handling of the above exception, another exception occurred:

Traceback (most recent call last):
  File "/usr/lib/python3.8/site-packages/variety/VarietyWindow.py", line 1087, in server_options_thread
    self.server_options = Util.fetch_json(VarietyWindow.SERVERSIDE_OPTIONS_URL)
  File "/usr/lib/python3.8/site-packages/variety/Util.py", line 643, in fetch_json
    return Util.request(url, data, **request_kwargs).json()
  File "/usr/lib/python3.8/site-packages/variety/Util.py", line 612, in request
    r = requests.request(
  File "/usr/lib/python3.8/site-packages/requests/api.py", line 61, in request
    return session.request(method=method, url=url, **kwargs)
  File "/usr/lib/python3.8/site-packages/requests/sessions.py", line 530, in request
    resp = self.send(prep, **send_kwargs)
  File "/usr/lib/python3.8/site-packages/requests/sessions.py", line 643, in send
    r = adapter.send(request, **kwargs)
  File "/usr/lib/python3.8/site-packages/requests/adapters.py", line 504, in send
    raise ConnectTimeout(e, request=request)
requests.exceptions.ConnectTimeout: HTTPConnectionPool(host='tiny.cc', port=80): Max retries exceeded with url: /variety-options-063 (Caused by ConnectTimeoutError(<urllib3.connection.HTTPConnection object at 0x7ff2f00b42e0>, 'Connection to tiny.cc timed out. (connect timeout=5)'))
INFO: 2020-03-13 23:18:23,871: trigger_download() 'Triggering download thread to check if download needed'
INFO: 2020-03-13 23:18:25,701: _check_quit() 'Terminating signal received, quitting...'
INFO: 2020-03-13 23:18:25,702: on_quit() 'Quitting'
